<?xml version="1.0" encoding="UTF-8"?>
<testsuites name="Test Suite Quria Search" time="929" tests="15" failures="0" errors="0">
   <testsuite name="Test Suite Quria Search" tests="15" failures="0" errors="0" time="929" timestamp="2020-04-22 17:11:45" hostname="ignacio - BIBITS-IGNACIO2.bibsent.no" id="Test Suites/Test Suite Quria Search">
      <properties>
         <property name="deviceName" value=""/>
         <property name="devicePlatform" value=""/>
         <property name="logFolder" value="C:\\Users\\ignacio\\Katalon Studio\\KatalonQuriaTest\\Reports\\Test Suite Quria Search\\20200422_171143"/>
         <property name="logFiles" value="C:\\Users\\ignacio\\Katalon Studio\\KatalonQuriaTest\\Reports\\Test Suite Quria Search\\20200422_171143\\execution0.log"/>
         <property name="attachments" value=""/>
         <property name="hostName" value="ignacio - BIBITS-IGNACIO2.bibsent.no"/>
         <property name="os" value="Windows 10 64bit"/>
         <property name="katalonVersion" value="5.10.0.1"/>
         <property name="browser" value="Chrome 81.0.4044.122"/>
         <property name="hostAddress" value="10.81.1.185"/>
         <property name="sessionId" value="44ad196f7096b8ca76b68c2238be41ed"/>
         <property name="seleniumVersion" value="3.7.1"/>
         <property name="proxyInformation" value="ProxyInformation{proxyOption=NO_PROXY, proxyServerType=HTTP, password=, proxyServerAddress=, proxyServerPort=0}"/>
         <property name="platform" value="Windows 10"/>
      </properties>
      <testcase name="Test Cases/Test Simple Search" classname="Test Cases/Test Simple Search" status="PASSED">
         <system-out><![CDATA[2020-04-22 17:11:45 - [TEST_CASE][PASSED] - Test Cases/Test Simple Search: Test Cases/Test Simple Search

2020-04-22 17:11:45 - [TEST_STEP][PASSED] - callTestCase(findTestCase("Test Patron/Test Case Login"), [:], STOP_ON_FAILURE): Call Test Case 'Test Cases/Test Patron/Test Case Login' successfully

2020-04-22 17:11:46 - [TEST_CASE][PASSED] - Test Cases/Test Patron/Test Case Login: Test Cases/Test Patron/Test Case Login

2020-04-22 17:11:46 - [TEST_STEP][PASSED] - openBrowser(""): Browser is opened with url: ''

2020-04-22 17:11:46 - [MESSAGE][INFO] - Starting 'Chrome' driver

2020-04-22 17:11:46 - [MESSAGE][INFO] - Action delay is set to 1 seconds

2020-04-22 17:11:59 - [MESSAGE][PASSED] - Browser is opened with url: ''

2020-04-22 17:11:59 - [TEST_STEP][PASSED] - navigateToUrl("https://nightlyno.quriaint.axiell.com"): Navigate to 'https://nightlyno.quriaint.axiell.com' successfully

2020-04-22 17:12:01 - [MESSAGE][PASSED] - Navigate to 'https://nightlyno.quriaint.axiell.com' successfully

2020-04-22 17:12:01 - [TEST_STEP][PASSED] - click(findTestObject("Test Simple Search/Page_Axiell Quria/a_Sign in with Google")): Object: 'Object Repository/Test Simple Search/Page_Axiell Quria/a_Sign in with Google' is clicked on

2020-04-22 17:12:06 - [MESSAGE][PASSED] - Object: 'Object Repository/Test Simple Search/Page_Axiell Quria/a_Sign in with Google' is clicked on

2020-04-22 17:12:06 - [TEST_STEP][PASSED] - setText(findTestObject("Capture Object Patron/Page_Axiell Quria/input_axiell.com_identifier"), "axiell.norge.quria@gmail.com"): Text 'axiell.norge.quria@gmail.com' is set on object 'Object Repository/Capture Object Patron/Page_Axiell Quria/input_axiell.com_identifier'

2020-04-22 17:12:10 - [MESSAGE][PASSED] - Text 'axiell.norge.quria@gmail.com' is set on object 'Object Repository/Capture Object Patron/Page_Axiell Quria/input_axiell.com_identifier'

2020-04-22 17:12:10 - [TEST_STEP][PASSED] - click(findTestObject("Capture Object Patron/Page_Logg p  Google-kontoer/span_Neste")): Object: 'Object Repository/Capture Object Patron/Page_Logg p  Google-kontoer/span_Neste' is clicked on

2020-04-22 17:12:12 - [MESSAGE][PASSED] - Object: 'Object Repository/Capture Object Patron/Page_Logg p  Google-kontoer/span_Neste' is clicked on

2020-04-22 17:12:12 - [TEST_STEP][PASSED] - waitForElementVisible(findTestObject("Capture Object Patron/Page_Axiell Quria/input_Password"), 30): Object 'Object Repository/Capture Object Patron/Page_Axiell Quria/input_Password' is visible

2020-04-22 17:12:14 - [MESSAGE][PASSED] - Object 'Object Repository/Capture Object Patron/Page_Axiell Quria/input_Password' is visible

2020-04-22 17:12:14 - [TEST_STEP][PASSED] - setEncryptedText(findTestObject("Capture Object Patron/Page_Axiell Quria/input_Password"), "d097ITWPO7f2v9EptRJGCg=="): Text ****** has been set on object 'Object Repository/Capture Object Patron/Page_Axiell Quria/input_Password'

2020-04-22 17:12:18 - [MESSAGE][PASSED] - Text ****** has been set on object 'Object Repository/Capture Object Patron/Page_Axiell Quria/input_Password'

2020-04-22 17:12:18 - [TEST_STEP][PASSED] - click(findTestObject("Manual Captured Objects/Page_Logg p  Google-kontoer/div_Neste")): Object: 'Object Repository/Manual Captured Objects/Page_Logg p  Google-kontoer/div_Neste' is clicked on

2020-04-22 17:12:20 - [MESSAGE][PASSED] - Object: 'Object Repository/Manual Captured Objects/Page_Logg p  Google-kontoer/div_Neste' is clicked on

2020-04-22 17:12:20 - [MESSAGE][PASSED] - Call Test Case 'Test Cases/Test Patron/Test Case Login' successfully

2020-04-22 17:12:20 - [TEST_STEP][PASSED] - click(findTestObject("Object Repository/Test Simple Search/Page_nightlyno - Axiell Quria/md-icon")): Object: 'Object Repository/Test Simple Search/Page_nightlyno - Axiell Quria/md-icon' is clicked on

2020-04-22 17:12:35 - [MESSAGE][PASSED] - Object: 'Object Repository/Test Simple Search/Page_nightlyno - Axiell Quria/md-icon' is clicked on

2020-04-22 17:12:35 - [TEST_STEP][PASSED] - waitForElementVisible(findTestObject("Test Simple Search/Page_nightlyno - Axiell Quria/input_Abonnementer_search-inpu"), 30): Object 'Object Repository/Test Simple Search/Page_nightlyno - Axiell Quria/input_Abonnementer_search-inpu' is visible

2020-04-22 17:12:37 - [MESSAGE][PASSED] - Object 'Object Repository/Test Simple Search/Page_nightlyno - Axiell Quria/input_Abonnementer_search-inpu' is visible

2020-04-22 17:12:37 - [TEST_STEP][PASSED] - setText(findTestObject("Object Repository/Test Simple Search/Page_nightlyno - Axiell Quria/input_Abonnementer_search-inpu"), "Quria"): Text 'Quria' is set on object 'Object Repository/Test Simple Search/Page_nightlyno - Axiell Quria/input_Abonnementer_search-inpu'

2020-04-22 17:12:42 - [MESSAGE][PASSED] - Text 'Quria' is set on object 'Object Repository/Test Simple Search/Page_nightlyno - Axiell Quria/input_Abonnementer_search-inpu'

2020-04-22 17:12:42 - [TEST_STEP][PASSED] - click(findTestObject("test manuel objecter 2/Page_nightlyno - Axiell Quria/md-icon_1")): Object: 'Object Repository/test manuel objecter 2/Page_nightlyno - Axiell Quria/md-icon_1' is clicked on

2020-04-22 17:12:44 - [MESSAGE][PASSED] - Object: 'Object Repository/test manuel objecter 2/Page_nightlyno - Axiell Quria/md-icon_1' is clicked on

2020-04-22 17:12:44 - [TEST_STEP][PASSED] - click(findTestObject("test manuel objecter 2/Page_nightlyno - Axiell Quria/div_Resultater")): Object: 'Object Repository/test manuel objecter 2/Page_nightlyno - Axiell Quria/div_Resultater' is clicked on

2020-04-22 17:12:46 - [MESSAGE][PASSED] - Object: 'Object Repository/test manuel objecter 2/Page_nightlyno - Axiell Quria/div_Resultater' is clicked on

2020-04-22 17:12:46 - [TEST_STEP][PASSED] - verifyElementText(findTestObject("test manuel objecter 2/Page_nightlyno - Axiell Quria/div_Resultater"), "Resultater: 2"): Actual text and expected text of test object 'Object Repository/test manuel objecter 2/Page_nightlyno - Axiell Quria/div_Resultater' are matched.

2020-04-22 17:12:48 - [MESSAGE][PASSED] - Actual text and expected text of test object 'Object Repository/test manuel objecter 2/Page_nightlyno - Axiell Quria/div_Resultater' are matched.

2020-04-22 17:12:48 - [TEST_STEP][PASSED] - click(findTestObject("Object Repository/test manuel objecter 2/Page_nightlyno - Axiell Quria/md-icon_expand_more")): Object: 'Object Repository/test manuel objecter 2/Page_nightlyno - Axiell Quria/md-icon_expand_more' is clicked on

2020-04-22 17:12:50 - [MESSAGE][PASSED] - Object: 'Object Repository/test manuel objecter 2/Page_nightlyno - Axiell Quria/md-icon_expand_more' is clicked on

2020-04-22 17:12:50 - [TEST_STEP][PASSED] - click(findTestObject("Object Repository/test manuel objecter 2/Page_nightlyno - Axiell Quria/a_exit_to_appLogg av")): Object: 'Object Repository/test manuel objecter 2/Page_nightlyno - Axiell Quria/a_exit_to_appLogg av' is clicked on

2020-04-22 17:12:52 - [MESSAGE][PASSED] - Object: 'Object Repository/test manuel objecter 2/Page_nightlyno - Axiell Quria/a_exit_to_appLogg av' is clicked on

2020-04-22 17:12:52 - [TEST_STEP][PASSED] - closeBrowser(): Browser is closed

2020-04-22 17:12:54 - [MESSAGE][PASSED] - Browser is closed]]></system-out>
         <system-err><![CDATA[]]></system-err>
      </testcase>
      <testcase name="Test Cases/Test Simple Search - Facet" classname="Test Cases/Test Simple Search - Facet" status="PASSED">
         <system-out><![CDATA[2020-04-22 17:12:54 - [TEST_CASE][PASSED] - Test Cases/Test Simple Search - Facet: Test Cases/Test Simple Search - Facet

2020-04-22 17:12:55 - [TEST_STEP][PASSED] - callTestCase(findTestCase("Test Patron/Test Case Login"), [:], STOP_ON_FAILURE): Call Test Case 'Test Cases/Test Patron/Test Case Login' successfully

2020-04-22 17:12:55 - [TEST_CASE][PASSED] - Test Cases/Test Patron/Test Case Login: Test Cases/Test Patron/Test Case Login

2020-04-22 17:12:55 - [TEST_STEP][PASSED] - openBrowser(""): Browser is opened with url: ''

2020-04-22 17:12:55 - [MESSAGE][INFO] - Starting 'Chrome' driver

2020-04-22 17:13:03 - [MESSAGE][PASSED] - Browser is opened with url: ''

2020-04-22 17:13:03 - [TEST_STEP][PASSED] - navigateToUrl("https://nightlyno.quriaint.axiell.com"): Navigate to 'https://nightlyno.quriaint.axiell.com' successfully

2020-04-22 17:13:05 - [MESSAGE][PASSED] - Navigate to 'https://nightlyno.quriaint.axiell.com' successfully

2020-04-22 17:13:05 - [TEST_STEP][PASSED] - click(findTestObject("Test Simple Search/Page_Axiell Quria/a_Sign in with Google")): Object: 'Object Repository/Test Simple Search/Page_Axiell Quria/a_Sign in with Google' is clicked on

2020-04-22 17:13:09 - [MESSAGE][PASSED] - Object: 'Object Repository/Test Simple Search/Page_Axiell Quria/a_Sign in with Google' is clicked on

2020-04-22 17:13:09 - [TEST_STEP][PASSED] - setText(findTestObject("Capture Object Patron/Page_Axiell Quria/input_axiell.com_identifier"), "axiell.norge.quria@gmail.com"): Text 'axiell.norge.quria@gmail.com' is set on object 'Object Repository/Capture Object Patron/Page_Axiell Quria/input_axiell.com_identifier'

2020-04-22 17:13:13 - [MESSAGE][PASSED] - Text 'axiell.norge.quria@gmail.com' is set on object 'Object Repository/Capture Object Patron/Page_Axiell Quria/input_axiell.com_identifier'

2020-04-22 17:13:13 - [TEST_STEP][PASSED] - click(findTestObject("Capture Object Patron/Page_Logg p  Google-kontoer/span_Neste")): Object: 'Object Repository/Capture Object Patron/Page_Logg p  Google-kontoer/span_Neste' is clicked on

2020-04-22 17:13:16 - [MESSAGE][PASSED] - Object: 'Object Repository/Capture Object Patron/Page_Logg p  Google-kontoer/span_Neste' is clicked on

2020-04-22 17:13:16 - [TEST_STEP][PASSED] - waitForElementVisible(findTestObject("Capture Object Patron/Page_Axiell Quria/input_Password"), 30): Object 'Object Repository/Capture Object Patron/Page_Axiell Quria/input_Password' is visible

2020-04-22 17:13:18 - [MESSAGE][PASSED] - Object 'Object Repository/Capture Object Patron/Page_Axiell Quria/input_Password' is visible

2020-04-22 17:13:18 - [TEST_STEP][PASSED] - setEncryptedText(findTestObject("Capture Object Patron/Page_Axiell Quria/input_Password"), "d097ITWPO7f2v9EptRJGCg=="): Text ****** has been set on object 'Object Repository/Capture Object Patron/Page_Axiell Quria/input_Password'

2020-04-22 17:13:21 - [MESSAGE][PASSED] - Text ****** has been set on object 'Object Repository/Capture Object Patron/Page_Axiell Quria/input_Password'

2020-04-22 17:13:21 - [TEST_STEP][PASSED] - click(findTestObject("Manual Captured Objects/Page_Logg p  Google-kontoer/div_Neste")): Object: 'Object Repository/Manual Captured Objects/Page_Logg p  Google-kontoer/div_Neste' is clicked on

2020-04-22 17:13:23 - [MESSAGE][PASSED] - Object: 'Object Repository/Manual Captured Objects/Page_Logg p  Google-kontoer/div_Neste' is clicked on

2020-04-22 17:13:23 - [MESSAGE][PASSED] - Call Test Case 'Test Cases/Test Patron/Test Case Login' successfully

2020-04-22 17:13:23 - [TEST_STEP][PASSED] - click(findTestObject("Object Repository/Test Simple Search/Page_nightlyno - Axiell Quria/md-icon")): Object: 'Object Repository/Test Simple Search/Page_nightlyno - Axiell Quria/md-icon' is clicked on

2020-04-22 17:13:30 - [MESSAGE][PASSED] - Object: 'Object Repository/Test Simple Search/Page_nightlyno - Axiell Quria/md-icon' is clicked on

2020-04-22 17:13:30 - [TEST_STEP][PASSED] - setText(findTestObject("Object Repository/Test Simple Search/Page_nightlyno - Axiell Quria/input_Abonnementer_search-inpu"), "Subject: Lydbøker"): Text 'Subject: Lydbøker' is set on object 'Object Repository/Test Simple Search/Page_nightlyno - Axiell Quria/input_Abonnementer_search-inpu'

2020-04-22 17:13:42 - [MESSAGE][PASSED] - Text 'Subject: Lydbøker' is set on object 'Object Repository/Test Simple Search/Page_nightlyno - Axiell Quria/input_Abonnementer_search-inpu'

2020-04-22 17:13:42 - [TEST_STEP][PASSED] - click(findTestObject("test manuel objecter 2/Page_nightlyno - Axiell Quria/md-icon_1")): Object: 'Object Repository/test manuel objecter 2/Page_nightlyno - Axiell Quria/md-icon_1' is clicked on

2020-04-22 17:13:44 - [MESSAGE][PASSED] - Object: 'Object Repository/test manuel objecter 2/Page_nightlyno - Axiell Quria/md-icon_1' is clicked on

2020-04-22 17:13:44 - [TEST_STEP][PASSED] - click(findTestObject("test manuel objecter 2/Page_nightlyno - Axiell Quria/div_Resultater")): Object: 'Object Repository/test manuel objecter 2/Page_nightlyno - Axiell Quria/div_Resultater' is clicked on

2020-04-22 17:13:46 - [MESSAGE][PASSED] - Object: 'Object Repository/test manuel objecter 2/Page_nightlyno - Axiell Quria/div_Resultater' is clicked on

2020-04-22 17:13:46 - [TEST_STEP][PASSED] - verifyElementText(findTestObject("test manuel objecter 2/Page_nightlyno - Axiell Quria/div_Resultater"), "Resultater: 583"): Actual text and expected text of test object 'Object Repository/test manuel objecter 2/Page_nightlyno - Axiell Quria/div_Resultater' are matched.

2020-04-22 17:13:48 - [MESSAGE][PASSED] - Actual text and expected text of test object 'Object Repository/test manuel objecter 2/Page_nightlyno - Axiell Quria/div_Resultater' are matched.

2020-04-22 17:13:48 - [TEST_STEP][PASSED] - click(findTestObject("Object Repository/Object Clouse Browser/Page_nightlyno - Axiell Quria/md-icon_expand_more")): Object: 'Object Repository/Object Clouse Browser/Page_nightlyno - Axiell Quria/md-icon_expand_more' is clicked on

2020-04-22 17:13:50 - [MESSAGE][PASSED] - Object: 'Object Repository/Object Clouse Browser/Page_nightlyno - Axiell Quria/md-icon_expand_more' is clicked on

2020-04-22 17:13:50 - [TEST_STEP][PASSED] - click(findTestObject("Object Repository/Object Clouse Browser/Page_nightlyno - Axiell Quria/a_exit_to_appLogg av")): Object: 'Object Repository/Object Clouse Browser/Page_nightlyno - Axiell Quria/a_exit_to_appLogg av' is clicked on

2020-04-22 17:13:52 - [MESSAGE][PASSED] - Object: 'Object Repository/Object Clouse Browser/Page_nightlyno - Axiell Quria/a_exit_to_appLogg av' is clicked on

2020-04-22 17:13:52 - [TEST_STEP][PASSED] - closeBrowser(): Browser is closed

2020-04-22 17:13:54 - [MESSAGE][PASSED] - Browser is closed]]></system-out>
         <system-err><![CDATA[]]></system-err>
      </testcase>
      <testcase name="Test Cases/Test Simple Search - Masking (a single letter)" classname="Test Cases/Test Simple Search - Masking (a single letter)" status="PASSED">
         <system-out><![CDATA[2020-04-22 17:13:54 - [TEST_CASE][PASSED] - Test Cases/Test Simple Search - Masking (a single letter): Test Cases/Test Simple Search - Masking (a single letter)

2020-04-22 17:13:55 - [TEST_STEP][PASSED] - callTestCase(findTestCase("Test Patron/Test Case Login"), [:], STOP_ON_FAILURE): Call Test Case 'Test Cases/Test Patron/Test Case Login' successfully

2020-04-22 17:13:55 - [TEST_CASE][PASSED] - Test Cases/Test Patron/Test Case Login: Test Cases/Test Patron/Test Case Login

2020-04-22 17:13:55 - [TEST_STEP][PASSED] - openBrowser(""): Browser is opened with url: ''

2020-04-22 17:13:55 - [MESSAGE][INFO] - Starting 'Chrome' driver

2020-04-22 17:14:02 - [MESSAGE][PASSED] - Browser is opened with url: ''

2020-04-22 17:14:02 - [TEST_STEP][PASSED] - navigateToUrl("https://nightlyno.quriaint.axiell.com"): Navigate to 'https://nightlyno.quriaint.axiell.com' successfully

2020-04-22 17:14:04 - [MESSAGE][PASSED] - Navigate to 'https://nightlyno.quriaint.axiell.com' successfully

2020-04-22 17:14:04 - [TEST_STEP][PASSED] - click(findTestObject("Test Simple Search/Page_Axiell Quria/a_Sign in with Google")): Object: 'Object Repository/Test Simple Search/Page_Axiell Quria/a_Sign in with Google' is clicked on

2020-04-22 17:14:08 - [MESSAGE][PASSED] - Object: 'Object Repository/Test Simple Search/Page_Axiell Quria/a_Sign in with Google' is clicked on

2020-04-22 17:14:08 - [TEST_STEP][PASSED] - setText(findTestObject("Capture Object Patron/Page_Axiell Quria/input_axiell.com_identifier"), "axiell.norge.quria@gmail.com"): Text 'axiell.norge.quria@gmail.com' is set on object 'Object Repository/Capture Object Patron/Page_Axiell Quria/input_axiell.com_identifier'

2020-04-22 17:14:12 - [MESSAGE][PASSED] - Text 'axiell.norge.quria@gmail.com' is set on object 'Object Repository/Capture Object Patron/Page_Axiell Quria/input_axiell.com_identifier'

2020-04-22 17:14:12 - [TEST_STEP][PASSED] - click(findTestObject("Capture Object Patron/Page_Logg p  Google-kontoer/span_Neste")): Object: 'Object Repository/Capture Object Patron/Page_Logg p  Google-kontoer/span_Neste' is clicked on

2020-04-22 17:14:14 - [MESSAGE][PASSED] - Object: 'Object Repository/Capture Object Patron/Page_Logg p  Google-kontoer/span_Neste' is clicked on

2020-04-22 17:14:14 - [TEST_STEP][PASSED] - waitForElementVisible(findTestObject("Capture Object Patron/Page_Axiell Quria/input_Password"), 30): Object 'Object Repository/Capture Object Patron/Page_Axiell Quria/input_Password' is visible

2020-04-22 17:14:16 - [MESSAGE][PASSED] - Object 'Object Repository/Capture Object Patron/Page_Axiell Quria/input_Password' is visible

2020-04-22 17:14:16 - [TEST_STEP][PASSED] - setEncryptedText(findTestObject("Capture Object Patron/Page_Axiell Quria/input_Password"), "d097ITWPO7f2v9EptRJGCg=="): Text ****** has been set on object 'Object Repository/Capture Object Patron/Page_Axiell Quria/input_Password'

2020-04-22 17:14:19 - [MESSAGE][PASSED] - Text ****** has been set on object 'Object Repository/Capture Object Patron/Page_Axiell Quria/input_Password'

2020-04-22 17:14:19 - [TEST_STEP][PASSED] - click(findTestObject("Manual Captured Objects/Page_Logg p  Google-kontoer/div_Neste")): Object: 'Object Repository/Manual Captured Objects/Page_Logg p  Google-kontoer/div_Neste' is clicked on

2020-04-22 17:14:22 - [MESSAGE][PASSED] - Object: 'Object Repository/Manual Captured Objects/Page_Logg p  Google-kontoer/div_Neste' is clicked on

2020-04-22 17:14:22 - [MESSAGE][PASSED] - Call Test Case 'Test Cases/Test Patron/Test Case Login' successfully

2020-04-22 17:14:22 - [TEST_STEP][PASSED] - click(findTestObject("Object Repository/Test Simple Search/Page_nightlyno - Axiell Quria/md-icon")): Object: 'Object Repository/Test Simple Search/Page_nightlyno - Axiell Quria/md-icon' is clicked on

2020-04-22 17:14:28 - [MESSAGE][PASSED] - Object: 'Object Repository/Test Simple Search/Page_nightlyno - Axiell Quria/md-icon' is clicked on

2020-04-22 17:14:28 - [TEST_STEP][PASSED] - waitForElementVisible(findTestObject("Test Simple Search/Page_nightlyno - Axiell Quria/input_Abonnementer_search-inpu"), 30): Object 'Object Repository/Test Simple Search/Page_nightlyno - Axiell Quria/input_Abonnementer_search-inpu' is visible

2020-04-22 17:14:36 - [MESSAGE][PASSED] - Object 'Object Repository/Test Simple Search/Page_nightlyno - Axiell Quria/input_Abonnementer_search-inpu' is visible

2020-04-22 17:14:36 - [TEST_STEP][PASSED] - setText(findTestObject("Object Repository/Test Simple Search/Page_nightlyno - Axiell Quria/input_Abonnementer_search-inpu"), "b?rn"): Text 'b?rn' is set on object 'Object Repository/Test Simple Search/Page_nightlyno - Axiell Quria/input_Abonnementer_search-inpu'

2020-04-22 17:14:40 - [MESSAGE][PASSED] - Text 'b?rn' is set on object 'Object Repository/Test Simple Search/Page_nightlyno - Axiell Quria/input_Abonnementer_search-inpu'

2020-04-22 17:14:40 - [TEST_STEP][PASSED] - click(findTestObject("test manuel objecter 2/Page_nightlyno - Axiell Quria/md-icon_1")): Object: 'Object Repository/test manuel objecter 2/Page_nightlyno - Axiell Quria/md-icon_1' is clicked on

2020-04-22 17:14:42 - [MESSAGE][PASSED] - Object: 'Object Repository/test manuel objecter 2/Page_nightlyno - Axiell Quria/md-icon_1' is clicked on

2020-04-22 17:14:42 - [TEST_STEP][PASSED] - waitForElementPresent(findTestObject("test manuel objecter 2/Page_nightlyno - Axiell Quria/div_Resultater"), 30): Object 'Object Repository/test manuel objecter 2/Page_nightlyno - Axiell Quria/div_Resultater' is present

2020-04-22 17:14:44 - [MESSAGE][PASSED] - Object 'Object Repository/test manuel objecter 2/Page_nightlyno - Axiell Quria/div_Resultater' is present

2020-04-22 17:14:44 - [TEST_STEP][PASSED] - click(findTestObject("test manuel objecter 2/Page_nightlyno - Axiell Quria/div_Resultater")): Object: 'Object Repository/test manuel objecter 2/Page_nightlyno - Axiell Quria/div_Resultater' is clicked on

2020-04-22 17:14:46 - [MESSAGE][PASSED] - Object: 'Object Repository/test manuel objecter 2/Page_nightlyno - Axiell Quria/div_Resultater' is clicked on

2020-04-22 17:14:46 - [TEST_STEP][PASSED] - verifyElementText(findTestObject("test manuel objecter 2/Page_nightlyno - Axiell Quria/div_Resultater"), "Resultater: 221"): Actual text and expected text of test object 'Object Repository/test manuel objecter 2/Page_nightlyno - Axiell Quria/div_Resultater' are matched.

2020-04-22 17:14:48 - [MESSAGE][PASSED] - Actual text and expected text of test object 'Object Repository/test manuel objecter 2/Page_nightlyno - Axiell Quria/div_Resultater' are matched.

2020-04-22 17:14:48 - [TEST_STEP][PASSED] - click(findTestObject("Object Repository/Object Clouse Browser/Page_nightlyno - Axiell Quria/md-icon_expand_more")): Object: 'Object Repository/Object Clouse Browser/Page_nightlyno - Axiell Quria/md-icon_expand_more' is clicked on

2020-04-22 17:14:50 - [MESSAGE][PASSED] - Object: 'Object Repository/Object Clouse Browser/Page_nightlyno - Axiell Quria/md-icon_expand_more' is clicked on

2020-04-22 17:14:50 - [TEST_STEP][PASSED] - click(findTestObject("Object Repository/Object Clouse Browser/Page_nightlyno - Axiell Quria/a_exit_to_appLogg av")): Object: 'Object Repository/Object Clouse Browser/Page_nightlyno - Axiell Quria/a_exit_to_appLogg av' is clicked on

2020-04-22 17:14:52 - [MESSAGE][PASSED] - Object: 'Object Repository/Object Clouse Browser/Page_nightlyno - Axiell Quria/a_exit_to_appLogg av' is clicked on

2020-04-22 17:14:52 - [TEST_STEP][PASSED] - closeBrowser(): Browser is closed

2020-04-22 17:14:54 - [MESSAGE][PASSED] - Browser is closed]]></system-out>
         <system-err><![CDATA[]]></system-err>
      </testcase>
      <testcase name="Test Cases/Test Simple Search - Masking" classname="Test Cases/Test Simple Search - Masking" status="PASSED">
         <system-out><![CDATA[2020-04-22 17:14:54 - [TEST_CASE][PASSED] - Test Cases/Test Simple Search - Masking: Test Cases/Test Simple Search - Masking

2020-04-22 17:14:54 - [TEST_STEP][PASSED] - callTestCase(findTestCase("Test Patron/Test Case Login"), [:], STOP_ON_FAILURE): Call Test Case 'Test Cases/Test Patron/Test Case Login' successfully

2020-04-22 17:14:54 - [TEST_CASE][PASSED] - Test Cases/Test Patron/Test Case Login: Test Cases/Test Patron/Test Case Login

2020-04-22 17:14:54 - [TEST_STEP][PASSED] - openBrowser(""): Browser is opened with url: ''

2020-04-22 17:14:54 - [MESSAGE][INFO] - Starting 'Chrome' driver

2020-04-22 17:15:02 - [MESSAGE][PASSED] - Browser is opened with url: ''

2020-04-22 17:15:02 - [TEST_STEP][PASSED] - navigateToUrl("https://nightlyno.quriaint.axiell.com"): Navigate to 'https://nightlyno.quriaint.axiell.com' successfully

2020-04-22 17:15:04 - [MESSAGE][PASSED] - Navigate to 'https://nightlyno.quriaint.axiell.com' successfully

2020-04-22 17:15:04 - [TEST_STEP][PASSED] - click(findTestObject("Test Simple Search/Page_Axiell Quria/a_Sign in with Google")): Object: 'Object Repository/Test Simple Search/Page_Axiell Quria/a_Sign in with Google' is clicked on

2020-04-22 17:15:10 - [MESSAGE][PASSED] - Object: 'Object Repository/Test Simple Search/Page_Axiell Quria/a_Sign in with Google' is clicked on

2020-04-22 17:15:10 - [TEST_STEP][PASSED] - setText(findTestObject("Capture Object Patron/Page_Axiell Quria/input_axiell.com_identifier"), "axiell.norge.quria@gmail.com"): Text 'axiell.norge.quria@gmail.com' is set on object 'Object Repository/Capture Object Patron/Page_Axiell Quria/input_axiell.com_identifier'

2020-04-22 17:15:14 - [MESSAGE][PASSED] - Text 'axiell.norge.quria@gmail.com' is set on object 'Object Repository/Capture Object Patron/Page_Axiell Quria/input_axiell.com_identifier'

2020-04-22 17:15:14 - [TEST_STEP][PASSED] - click(findTestObject("Capture Object Patron/Page_Logg p  Google-kontoer/span_Neste")): Object: 'Object Repository/Capture Object Patron/Page_Logg p  Google-kontoer/span_Neste' is clicked on

2020-04-22 17:15:16 - [MESSAGE][PASSED] - Object: 'Object Repository/Capture Object Patron/Page_Logg p  Google-kontoer/span_Neste' is clicked on

2020-04-22 17:15:16 - [TEST_STEP][PASSED] - waitForElementVisible(findTestObject("Capture Object Patron/Page_Axiell Quria/input_Password"), 30): Object 'Object Repository/Capture Object Patron/Page_Axiell Quria/input_Password' is visible

2020-04-22 17:15:18 - [MESSAGE][PASSED] - Object 'Object Repository/Capture Object Patron/Page_Axiell Quria/input_Password' is visible

2020-04-22 17:15:18 - [TEST_STEP][PASSED] - setEncryptedText(findTestObject("Capture Object Patron/Page_Axiell Quria/input_Password"), "d097ITWPO7f2v9EptRJGCg=="): Text ****** has been set on object 'Object Repository/Capture Object Patron/Page_Axiell Quria/input_Password'

2020-04-22 17:15:22 - [MESSAGE][PASSED] - Text ****** has been set on object 'Object Repository/Capture Object Patron/Page_Axiell Quria/input_Password'

2020-04-22 17:15:22 - [TEST_STEP][PASSED] - click(findTestObject("Manual Captured Objects/Page_Logg p  Google-kontoer/div_Neste")): Object: 'Object Repository/Manual Captured Objects/Page_Logg p  Google-kontoer/div_Neste' is clicked on

2020-04-22 17:15:24 - [MESSAGE][PASSED] - Object: 'Object Repository/Manual Captured Objects/Page_Logg p  Google-kontoer/div_Neste' is clicked on

2020-04-22 17:15:24 - [MESSAGE][PASSED] - Call Test Case 'Test Cases/Test Patron/Test Case Login' successfully

2020-04-22 17:15:24 - [TEST_STEP][PASSED] - click(findTestObject("Object Repository/Test Simple Search/Page_nightlyno - Axiell Quria/md-icon")): Object: 'Object Repository/Test Simple Search/Page_nightlyno - Axiell Quria/md-icon' is clicked on

2020-04-22 17:15:40 - [MESSAGE][PASSED] - Object: 'Object Repository/Test Simple Search/Page_nightlyno - Axiell Quria/md-icon' is clicked on

2020-04-22 17:15:40 - [TEST_STEP][PASSED] - waitForElementVisible(findTestObject("Test Simple Search/Page_nightlyno - Axiell Quria/input_Abonnementer_search-inpu"), 30): Object 'Object Repository/Test Simple Search/Page_nightlyno - Axiell Quria/input_Abonnementer_search-inpu' is visible

2020-04-22 17:15:42 - [MESSAGE][PASSED] - Object 'Object Repository/Test Simple Search/Page_nightlyno - Axiell Quria/input_Abonnementer_search-inpu' is visible

2020-04-22 17:15:42 - [TEST_STEP][PASSED] - setText(findTestObject("Object Repository/Test Simple Search/Page_nightlyno - Axiell Quria/input_Abonnementer_search-inpu"), "Ha*n"): Text 'Ha*n' is set on object 'Object Repository/Test Simple Search/Page_nightlyno - Axiell Quria/input_Abonnementer_search-inpu'

2020-04-22 17:15:46 - [MESSAGE][PASSED] - Text 'Ha*n' is set on object 'Object Repository/Test Simple Search/Page_nightlyno - Axiell Quria/input_Abonnementer_search-inpu'

2020-04-22 17:15:46 - [TEST_STEP][PASSED] - click(findTestObject("test manuel objecter 2/Page_nightlyno - Axiell Quria/md-icon_1")): Object: 'Object Repository/test manuel objecter 2/Page_nightlyno - Axiell Quria/md-icon_1' is clicked on

2020-04-22 17:15:49 - [MESSAGE][PASSED] - Object: 'Object Repository/test manuel objecter 2/Page_nightlyno - Axiell Quria/md-icon_1' is clicked on

2020-04-22 17:15:49 - [TEST_STEP][PASSED] - click(findTestObject("test manuel objecter 2/Page_nightlyno - Axiell Quria/div_Resultater")): Object: 'Object Repository/test manuel objecter 2/Page_nightlyno - Axiell Quria/div_Resultater' is clicked on

2020-04-22 17:15:51 - [MESSAGE][PASSED] - Object: 'Object Repository/test manuel objecter 2/Page_nightlyno - Axiell Quria/div_Resultater' is clicked on

2020-04-22 17:15:51 - [TEST_STEP][PASSED] - verifyElementText(findTestObject("test manuel objecter 2/Page_nightlyno - Axiell Quria/div_Resultater"), "Resultater: 717"): Actual text and expected text of test object 'Object Repository/test manuel objecter 2/Page_nightlyno - Axiell Quria/div_Resultater' are matched.

2020-04-22 17:15:53 - [MESSAGE][PASSED] - Actual text and expected text of test object 'Object Repository/test manuel objecter 2/Page_nightlyno - Axiell Quria/div_Resultater' are matched.

2020-04-22 17:15:53 - [TEST_STEP][PASSED] - click(findTestObject("Object Repository/Object Clouse Browser/Page_nightlyno - Axiell Quria/md-icon_expand_more")): Object: 'Object Repository/Object Clouse Browser/Page_nightlyno - Axiell Quria/md-icon_expand_more' is clicked on

2020-04-22 17:15:55 - [MESSAGE][PASSED] - Object: 'Object Repository/Object Clouse Browser/Page_nightlyno - Axiell Quria/md-icon_expand_more' is clicked on

2020-04-22 17:15:55 - [TEST_STEP][PASSED] - click(findTestObject("Object Repository/Object Clouse Browser/Page_nightlyno - Axiell Quria/a_exit_to_appLogg av")): Object: 'Object Repository/Object Clouse Browser/Page_nightlyno - Axiell Quria/a_exit_to_appLogg av' is clicked on

2020-04-22 17:15:57 - [MESSAGE][PASSED] - Object: 'Object Repository/Object Clouse Browser/Page_nightlyno - Axiell Quria/a_exit_to_appLogg av' is clicked on

2020-04-22 17:15:57 - [TEST_STEP][PASSED] - closeBrowser(): Browser is closed

2020-04-22 17:15:59 - [MESSAGE][PASSED] - Browser is closed]]></system-out>
         <system-err><![CDATA[]]></system-err>
      </testcase>
      <testcase name="Test Cases/Test Single Search hit, only one hit result" classname="Test Cases/Test Single Search hit, only one hit result" status="PASSED">
         <system-out><![CDATA[2020-04-22 17:15:59 - [TEST_CASE][PASSED] - Test Cases/Test Single Search hit, only one hit result: Test Cases/Test Single Search hit, only one hit result

2020-04-22 17:16:00 - [TEST_STEP][PASSED] - callTestCase(findTestCase("Test Patron/Test Case Login"), [:], STOP_ON_FAILURE): Call Test Case 'Test Cases/Test Patron/Test Case Login' successfully

2020-04-22 17:16:00 - [TEST_CASE][PASSED] - Test Cases/Test Patron/Test Case Login: Test Cases/Test Patron/Test Case Login

2020-04-22 17:16:00 - [TEST_STEP][PASSED] - openBrowser(""): Browser is opened with url: ''

2020-04-22 17:16:00 - [MESSAGE][INFO] - Starting 'Chrome' driver

2020-04-22 17:16:08 - [MESSAGE][PASSED] - Browser is opened with url: ''

2020-04-22 17:16:08 - [TEST_STEP][PASSED] - navigateToUrl("https://nightlyno.quriaint.axiell.com"): Navigate to 'https://nightlyno.quriaint.axiell.com' successfully

2020-04-22 17:16:10 - [MESSAGE][PASSED] - Navigate to 'https://nightlyno.quriaint.axiell.com' successfully

2020-04-22 17:16:10 - [TEST_STEP][PASSED] - click(findTestObject("Test Simple Search/Page_Axiell Quria/a_Sign in with Google")): Object: 'Object Repository/Test Simple Search/Page_Axiell Quria/a_Sign in with Google' is clicked on

2020-04-22 17:16:13 - [MESSAGE][PASSED] - Object: 'Object Repository/Test Simple Search/Page_Axiell Quria/a_Sign in with Google' is clicked on

2020-04-22 17:16:13 - [TEST_STEP][PASSED] - setText(findTestObject("Capture Object Patron/Page_Axiell Quria/input_axiell.com_identifier"), "axiell.norge.quria@gmail.com"): Text 'axiell.norge.quria@gmail.com' is set on object 'Object Repository/Capture Object Patron/Page_Axiell Quria/input_axiell.com_identifier'

2020-04-22 17:16:18 - [MESSAGE][PASSED] - Text 'axiell.norge.quria@gmail.com' is set on object 'Object Repository/Capture Object Patron/Page_Axiell Quria/input_axiell.com_identifier'

2020-04-22 17:16:18 - [TEST_STEP][PASSED] - click(findTestObject("Capture Object Patron/Page_Logg p  Google-kontoer/span_Neste")): Object: 'Object Repository/Capture Object Patron/Page_Logg p  Google-kontoer/span_Neste' is clicked on

2020-04-22 17:16:20 - [MESSAGE][PASSED] - Object: 'Object Repository/Capture Object Patron/Page_Logg p  Google-kontoer/span_Neste' is clicked on

2020-04-22 17:16:20 - [TEST_STEP][PASSED] - waitForElementVisible(findTestObject("Capture Object Patron/Page_Axiell Quria/input_Password"), 30): Object 'Object Repository/Capture Object Patron/Page_Axiell Quria/input_Password' is visible

2020-04-22 17:16:22 - [MESSAGE][PASSED] - Object 'Object Repository/Capture Object Patron/Page_Axiell Quria/input_Password' is visible

2020-04-22 17:16:22 - [TEST_STEP][PASSED] - setEncryptedText(findTestObject("Capture Object Patron/Page_Axiell Quria/input_Password"), "d097ITWPO7f2v9EptRJGCg=="): Text ****** has been set on object 'Object Repository/Capture Object Patron/Page_Axiell Quria/input_Password'

2020-04-22 17:16:25 - [MESSAGE][PASSED] - Text ****** has been set on object 'Object Repository/Capture Object Patron/Page_Axiell Quria/input_Password'

2020-04-22 17:16:25 - [TEST_STEP][PASSED] - click(findTestObject("Manual Captured Objects/Page_Logg p  Google-kontoer/div_Neste")): Object: 'Object Repository/Manual Captured Objects/Page_Logg p  Google-kontoer/div_Neste' is clicked on

2020-04-22 17:16:27 - [MESSAGE][PASSED] - Object: 'Object Repository/Manual Captured Objects/Page_Logg p  Google-kontoer/div_Neste' is clicked on

2020-04-22 17:16:27 - [MESSAGE][PASSED] - Call Test Case 'Test Cases/Test Patron/Test Case Login' successfully

2020-04-22 17:16:27 - [TEST_STEP][PASSED] - click(findTestObject("Object Repository/Test Simple Search/Page_nightlyno - Axiell Quria/md-icon")): Object: 'Object Repository/Test Simple Search/Page_nightlyno - Axiell Quria/md-icon' is clicked on

2020-04-22 17:16:34 - [MESSAGE][PASSED] - Object: 'Object Repository/Test Simple Search/Page_nightlyno - Axiell Quria/md-icon' is clicked on

2020-04-22 17:16:34 - [TEST_STEP][PASSED] - setText(findTestObject("Object Repository/Test Simple Search/Page_nightlyno - Axiell Quria/input_Abonnementer_search-inpu"), "Cervantes"): Text 'Cervantes' is set on object 'Object Repository/Test Simple Search/Page_nightlyno - Axiell Quria/input_Abonnementer_search-inpu'

2020-04-22 17:16:44 - [MESSAGE][PASSED] - Text 'Cervantes' is set on object 'Object Repository/Test Simple Search/Page_nightlyno - Axiell Quria/input_Abonnementer_search-inpu'

2020-04-22 17:16:44 - [TEST_STEP][PASSED] - click(findTestObject("Manual Captured Objects/Page_nightlyno - Axiell Quria/md-icon_1")): Object: 'Object Repository/Manual Captured Objects/Page_nightlyno - Axiell Quria/md-icon_1' is clicked on

2020-04-22 17:16:46 - [MESSAGE][PASSED] - Object: 'Object Repository/Manual Captured Objects/Page_nightlyno - Axiell Quria/md-icon_1' is clicked on

2020-04-22 17:16:46 - [TEST_STEP][PASSED] - waitForElementVisible(findTestObject("Page_nightlyno - Axiell Quria/span_Title"), 30): Object 'Object Repository/Page_nightlyno - Axiell Quria/span_Title' is visible

2020-04-22 17:16:48 - [MESSAGE][PASSED] - Object 'Object Repository/Page_nightlyno - Axiell Quria/span_Title' is visible

2020-04-22 17:16:48 - [TEST_STEP][PASSED] - verifyElementText(findTestObject("Page_nightlyno - Axiell Quria/span_Title"), "El Quijote de Cervantes"): Actual text and expected text of test object 'Object Repository/Page_nightlyno - Axiell Quria/span_Title' are matched.

2020-04-22 17:16:50 - [MESSAGE][PASSED] - Actual text and expected text of test object 'Object Repository/Page_nightlyno - Axiell Quria/span_Title' are matched.

2020-04-22 17:16:50 - [TEST_STEP][PASSED] - waitForPageLoad(30): Wait for page load successfully

2020-04-22 17:16:52 - [MESSAGE][PASSED] - Wait for page load successfully

2020-04-22 17:16:52 - [TEST_STEP][PASSED] - click(findTestObject("Object Repository/Test Simple Search/Page_nightlyno - Axiell Quria/md-icon_expand_more")): Object: 'Object Repository/Test Simple Search/Page_nightlyno - Axiell Quria/md-icon_expand_more' is clicked on

2020-04-22 17:16:54 - [MESSAGE][PASSED] - Object: 'Object Repository/Test Simple Search/Page_nightlyno - Axiell Quria/md-icon_expand_more' is clicked on

2020-04-22 17:16:54 - [TEST_STEP][PASSED] - waitForElementVisible(findTestObject("Test Simple Search/Page_nightlyno - Axiell Quria/a_exit_to_appLogg av"), 30): Object 'Object Repository/Test Simple Search/Page_nightlyno - Axiell Quria/a_exit_to_appLogg av' is visible

2020-04-22 17:16:56 - [MESSAGE][PASSED] - Object 'Object Repository/Test Simple Search/Page_nightlyno - Axiell Quria/a_exit_to_appLogg av' is visible

2020-04-22 17:16:56 - [TEST_STEP][PASSED] - click(findTestObject("Object Repository/Test Simple Search/Page_nightlyno - Axiell Quria/a_exit_to_appLogg av")): Object: 'Object Repository/Test Simple Search/Page_nightlyno - Axiell Quria/a_exit_to_appLogg av' is clicked on

2020-04-22 17:16:58 - [MESSAGE][PASSED] - Object: 'Object Repository/Test Simple Search/Page_nightlyno - Axiell Quria/a_exit_to_appLogg av' is clicked on

2020-04-22 17:16:58 - [TEST_STEP][PASSED] - closeBrowser(): Browser is closed

2020-04-22 17:17:00 - [MESSAGE][PASSED] - Browser is closed]]></system-out>
         <system-err><![CDATA[]]></system-err>
      </testcase>
      <testcase name="Test Cases/Test turn off stop word" classname="Test Cases/Test turn off stop word" status="PASSED">
         <system-out><![CDATA[2020-04-22 17:17:00 - [TEST_CASE][PASSED] - Test Cases/Test turn off stop word: Test Cases/Test turn off stop word

2020-04-22 17:17:00 - [TEST_STEP][PASSED] - callTestCase(findTestCase("Test Patron/Test Case Login"), [:], STOP_ON_FAILURE): Call Test Case 'Test Cases/Test Patron/Test Case Login' successfully

2020-04-22 17:17:00 - [TEST_CASE][PASSED] - Test Cases/Test Patron/Test Case Login: Test Cases/Test Patron/Test Case Login

2020-04-22 17:17:00 - [TEST_STEP][PASSED] - openBrowser(""): Browser is opened with url: ''

2020-04-22 17:17:00 - [MESSAGE][INFO] - Starting 'Chrome' driver

2020-04-22 17:17:08 - [MESSAGE][PASSED] - Browser is opened with url: ''

2020-04-22 17:17:08 - [TEST_STEP][PASSED] - navigateToUrl("https://nightlyno.quriaint.axiell.com"): Navigate to 'https://nightlyno.quriaint.axiell.com' successfully

2020-04-22 17:17:10 - [MESSAGE][PASSED] - Navigate to 'https://nightlyno.quriaint.axiell.com' successfully

2020-04-22 17:17:10 - [TEST_STEP][PASSED] - click(findTestObject("Test Simple Search/Page_Axiell Quria/a_Sign in with Google")): Object: 'Object Repository/Test Simple Search/Page_Axiell Quria/a_Sign in with Google' is clicked on

2020-04-22 17:17:13 - [MESSAGE][PASSED] - Object: 'Object Repository/Test Simple Search/Page_Axiell Quria/a_Sign in with Google' is clicked on

2020-04-22 17:17:13 - [TEST_STEP][PASSED] - setText(findTestObject("Capture Object Patron/Page_Axiell Quria/input_axiell.com_identifier"), "axiell.norge.quria@gmail.com"): Text 'axiell.norge.quria@gmail.com' is set on object 'Object Repository/Capture Object Patron/Page_Axiell Quria/input_axiell.com_identifier'

2020-04-22 17:17:18 - [MESSAGE][PASSED] - Text 'axiell.norge.quria@gmail.com' is set on object 'Object Repository/Capture Object Patron/Page_Axiell Quria/input_axiell.com_identifier'

2020-04-22 17:17:18 - [TEST_STEP][PASSED] - click(findTestObject("Capture Object Patron/Page_Logg p  Google-kontoer/span_Neste")): Object: 'Object Repository/Capture Object Patron/Page_Logg p  Google-kontoer/span_Neste' is clicked on

2020-04-22 17:17:20 - [MESSAGE][PASSED] - Object: 'Object Repository/Capture Object Patron/Page_Logg p  Google-kontoer/span_Neste' is clicked on

2020-04-22 17:17:20 - [TEST_STEP][PASSED] - waitForElementVisible(findTestObject("Capture Object Patron/Page_Axiell Quria/input_Password"), 30): Object 'Object Repository/Capture Object Patron/Page_Axiell Quria/input_Password' is visible

2020-04-22 17:17:22 - [MESSAGE][PASSED] - Object 'Object Repository/Capture Object Patron/Page_Axiell Quria/input_Password' is visible

2020-04-22 17:17:22 - [TEST_STEP][PASSED] - setEncryptedText(findTestObject("Capture Object Patron/Page_Axiell Quria/input_Password"), "d097ITWPO7f2v9EptRJGCg=="): Text ****** has been set on object 'Object Repository/Capture Object Patron/Page_Axiell Quria/input_Password'

2020-04-22 17:17:25 - [MESSAGE][PASSED] - Text ****** has been set on object 'Object Repository/Capture Object Patron/Page_Axiell Quria/input_Password'

2020-04-22 17:17:25 - [TEST_STEP][PASSED] - click(findTestObject("Manual Captured Objects/Page_Logg p  Google-kontoer/div_Neste")): Object: 'Object Repository/Manual Captured Objects/Page_Logg p  Google-kontoer/div_Neste' is clicked on

2020-04-22 17:17:27 - [MESSAGE][PASSED] - Object: 'Object Repository/Manual Captured Objects/Page_Logg p  Google-kontoer/div_Neste' is clicked on

2020-04-22 17:17:27 - [MESSAGE][PASSED] - Call Test Case 'Test Cases/Test Patron/Test Case Login' successfully

2020-04-22 17:17:27 - [TEST_STEP][PASSED] - click(findTestObject("Object Repository/Test Simple Search/Page_nightlyno - Axiell Quria/md-icon")): Object: 'Object Repository/Test Simple Search/Page_nightlyno - Axiell Quria/md-icon' is clicked on

2020-04-22 17:17:34 - [MESSAGE][PASSED] - Object: 'Object Repository/Test Simple Search/Page_nightlyno - Axiell Quria/md-icon' is clicked on

2020-04-22 17:17:34 - [TEST_STEP][PASSED] - setText(findTestObject("Object Repository/Test Simple Search/Page_nightlyno - Axiell Quria/input_Abonnementer_search-inpu"), "En lang natt på jorden"): Text 'En lang natt på jorden' is set on object 'Object Repository/Test Simple Search/Page_nightlyno - Axiell Quria/input_Abonnementer_search-inpu'

2020-04-22 17:17:44 - [MESSAGE][PASSED] - Text 'En lang natt på jorden' is set on object 'Object Repository/Test Simple Search/Page_nightlyno - Axiell Quria/input_Abonnementer_search-inpu'

2020-04-22 17:17:44 - [TEST_STEP][PASSED] - click(findTestObject("test manuel objecter 2/Page_nightlyno - Axiell Quria/md-icon_1")): Object: 'Object Repository/test manuel objecter 2/Page_nightlyno - Axiell Quria/md-icon_1' is clicked on

2020-04-22 17:17:47 - [MESSAGE][PASSED] - Object: 'Object Repository/test manuel objecter 2/Page_nightlyno - Axiell Quria/md-icon_1' is clicked on

2020-04-22 17:17:47 - [TEST_STEP][PASSED] - waitForElementVisible(findTestObject("Page_nightlyno - Axiell Quria/span_Title"), 30): Object 'Object Repository/Page_nightlyno - Axiell Quria/span_Title' is visible

2020-04-22 17:17:50 - [MESSAGE][PASSED] - Object 'Object Repository/Page_nightlyno - Axiell Quria/span_Title' is visible

2020-04-22 17:17:50 - [TEST_STEP][PASSED] - verifyElementText(findTestObject("Page_nightlyno - Axiell Quria/span_Title"), "En lang natt på jorden"): Actual text and expected text of test object 'Object Repository/Page_nightlyno - Axiell Quria/span_Title' are matched.

2020-04-22 17:17:52 - [MESSAGE][PASSED] - Actual text and expected text of test object 'Object Repository/Page_nightlyno - Axiell Quria/span_Title' are matched.

2020-04-22 17:17:52 - [TEST_STEP][PASSED] - click(findTestObject("Object Repository/Object Clouse Browser/Page_nightlyno - Axiell Quria/md-icon_expand_more")): Object: 'Object Repository/Object Clouse Browser/Page_nightlyno - Axiell Quria/md-icon_expand_more' is clicked on

2020-04-22 17:17:54 - [MESSAGE][PASSED] - Object: 'Object Repository/Object Clouse Browser/Page_nightlyno - Axiell Quria/md-icon_expand_more' is clicked on

2020-04-22 17:17:54 - [TEST_STEP][PASSED] - click(findTestObject("Object Repository/Object Clouse Browser/Page_nightlyno - Axiell Quria/a_exit_to_appLogg av")): Object: 'Object Repository/Object Clouse Browser/Page_nightlyno - Axiell Quria/a_exit_to_appLogg av' is clicked on

2020-04-22 17:17:56 - [MESSAGE][PASSED] - Object: 'Object Repository/Object Clouse Browser/Page_nightlyno - Axiell Quria/a_exit_to_appLogg av' is clicked on

2020-04-22 17:17:56 - [TEST_STEP][PASSED] - closeBrowser(): Browser is closed

2020-04-22 17:17:58 - [MESSAGE][PASSED] - Browser is closed]]></system-out>
         <system-err><![CDATA[]]></system-err>
      </testcase>
      <testcase name="Test Cases/Test verify free text search" classname="Test Cases/Test verify free text search" status="PASSED">
         <system-out><![CDATA[2020-04-22 17:17:58 - [TEST_CASE][PASSED] - Test Cases/Test verify free text search: Test Cases/Test verify free text search

2020-04-22 17:17:59 - [TEST_STEP][PASSED] - callTestCase(findTestCase("Test Patron/Test Case Login"), [:], STOP_ON_FAILURE): Call Test Case 'Test Cases/Test Patron/Test Case Login' successfully

2020-04-22 17:17:59 - [TEST_CASE][PASSED] - Test Cases/Test Patron/Test Case Login: Test Cases/Test Patron/Test Case Login

2020-04-22 17:17:59 - [TEST_STEP][PASSED] - openBrowser(""): Browser is opened with url: ''

2020-04-22 17:17:59 - [MESSAGE][INFO] - Starting 'Chrome' driver

2020-04-22 17:18:07 - [MESSAGE][PASSED] - Browser is opened with url: ''

2020-04-22 17:18:07 - [TEST_STEP][PASSED] - navigateToUrl("https://nightlyno.quriaint.axiell.com"): Navigate to 'https://nightlyno.quriaint.axiell.com' successfully

2020-04-22 17:18:08 - [MESSAGE][PASSED] - Navigate to 'https://nightlyno.quriaint.axiell.com' successfully

2020-04-22 17:18:08 - [TEST_STEP][PASSED] - click(findTestObject("Test Simple Search/Page_Axiell Quria/a_Sign in with Google")): Object: 'Object Repository/Test Simple Search/Page_Axiell Quria/a_Sign in with Google' is clicked on

2020-04-22 17:18:12 - [MESSAGE][PASSED] - Object: 'Object Repository/Test Simple Search/Page_Axiell Quria/a_Sign in with Google' is clicked on

2020-04-22 17:18:12 - [TEST_STEP][PASSED] - setText(findTestObject("Capture Object Patron/Page_Axiell Quria/input_axiell.com_identifier"), "axiell.norge.quria@gmail.com"): Text 'axiell.norge.quria@gmail.com' is set on object 'Object Repository/Capture Object Patron/Page_Axiell Quria/input_axiell.com_identifier'

2020-04-22 17:18:16 - [MESSAGE][PASSED] - Text 'axiell.norge.quria@gmail.com' is set on object 'Object Repository/Capture Object Patron/Page_Axiell Quria/input_axiell.com_identifier'

2020-04-22 17:18:16 - [TEST_STEP][PASSED] - click(findTestObject("Capture Object Patron/Page_Logg p  Google-kontoer/span_Neste")): Object: 'Object Repository/Capture Object Patron/Page_Logg p  Google-kontoer/span_Neste' is clicked on

2020-04-22 17:18:18 - [MESSAGE][PASSED] - Object: 'Object Repository/Capture Object Patron/Page_Logg p  Google-kontoer/span_Neste' is clicked on

2020-04-22 17:18:18 - [TEST_STEP][PASSED] - waitForElementVisible(findTestObject("Capture Object Patron/Page_Axiell Quria/input_Password"), 30): Object 'Object Repository/Capture Object Patron/Page_Axiell Quria/input_Password' is visible

2020-04-22 17:18:20 - [MESSAGE][PASSED] - Object 'Object Repository/Capture Object Patron/Page_Axiell Quria/input_Password' is visible

2020-04-22 17:18:20 - [TEST_STEP][PASSED] - setEncryptedText(findTestObject("Capture Object Patron/Page_Axiell Quria/input_Password"), "d097ITWPO7f2v9EptRJGCg=="): Text ****** has been set on object 'Object Repository/Capture Object Patron/Page_Axiell Quria/input_Password'

2020-04-22 17:18:23 - [MESSAGE][PASSED] - Text ****** has been set on object 'Object Repository/Capture Object Patron/Page_Axiell Quria/input_Password'

2020-04-22 17:18:23 - [TEST_STEP][PASSED] - click(findTestObject("Manual Captured Objects/Page_Logg p  Google-kontoer/div_Neste")): Object: 'Object Repository/Manual Captured Objects/Page_Logg p  Google-kontoer/div_Neste' is clicked on

2020-04-22 17:18:26 - [MESSAGE][PASSED] - Object: 'Object Repository/Manual Captured Objects/Page_Logg p  Google-kontoer/div_Neste' is clicked on

2020-04-22 17:18:26 - [MESSAGE][PASSED] - Call Test Case 'Test Cases/Test Patron/Test Case Login' successfully

2020-04-22 17:18:26 - [TEST_STEP][PASSED] - click(findTestObject("Object Repository/Test Simple Search/Page_nightlyno - Axiell Quria/md-icon")): Object: 'Object Repository/Test Simple Search/Page_nightlyno - Axiell Quria/md-icon' is clicked on

2020-04-22 17:18:42 - [MESSAGE][PASSED] - Object: 'Object Repository/Test Simple Search/Page_nightlyno - Axiell Quria/md-icon' is clicked on

2020-04-22 17:18:42 - [TEST_STEP][PASSED] - setText(findTestObject("Object Repository/Test Simple Search/Page_nightlyno - Axiell Quria/input_Abonnementer_search-inpu"), "cre:Hamsun"): Text 'cre:Hamsun' is set on object 'Object Repository/Test Simple Search/Page_nightlyno - Axiell Quria/input_Abonnementer_search-inpu'

2020-04-22 17:18:47 - [MESSAGE][PASSED] - Text 'cre:Hamsun' is set on object 'Object Repository/Test Simple Search/Page_nightlyno - Axiell Quria/input_Abonnementer_search-inpu'

2020-04-22 17:18:47 - [TEST_STEP][PASSED] - click(findTestObject("test manuel objecter 2/Page_nightlyno - Axiell Quria/md-icon_1")): Object: 'Object Repository/test manuel objecter 2/Page_nightlyno - Axiell Quria/md-icon_1' is clicked on

2020-04-22 17:18:49 - [MESSAGE][PASSED] - Object: 'Object Repository/test manuel objecter 2/Page_nightlyno - Axiell Quria/md-icon_1' is clicked on

2020-04-22 17:18:49 - [TEST_STEP][PASSED] - click(findTestObject("test manuel objecter 2/Page_nightlyno - Axiell Quria/div_Resultater")): Object: 'Object Repository/test manuel objecter 2/Page_nightlyno - Axiell Quria/div_Resultater' is clicked on

2020-04-22 17:18:51 - [MESSAGE][PASSED] - Object: 'Object Repository/test manuel objecter 2/Page_nightlyno - Axiell Quria/div_Resultater' is clicked on

2020-04-22 17:18:51 - [TEST_STEP][PASSED] - verifyElementText(findTestObject("test manuel objecter 2/Page_nightlyno - Axiell Quria/div_Resultater"), "Resultater: 37"): Actual text and expected text of test object 'Object Repository/test manuel objecter 2/Page_nightlyno - Axiell Quria/div_Resultater' are matched.

2020-04-22 17:18:53 - [MESSAGE][PASSED] - Actual text and expected text of test object 'Object Repository/test manuel objecter 2/Page_nightlyno - Axiell Quria/div_Resultater' are matched.

2020-04-22 17:18:53 - [TEST_STEP][PASSED] - click(findTestObject("Object Repository/Object Clouse Browser/Page_nightlyno - Axiell Quria/md-icon_expand_more")): Object: 'Object Repository/Object Clouse Browser/Page_nightlyno - Axiell Quria/md-icon_expand_more' is clicked on

2020-04-22 17:18:55 - [MESSAGE][PASSED] - Object: 'Object Repository/Object Clouse Browser/Page_nightlyno - Axiell Quria/md-icon_expand_more' is clicked on

2020-04-22 17:18:55 - [TEST_STEP][PASSED] - click(findTestObject("Object Repository/Object Clouse Browser/Page_nightlyno - Axiell Quria/a_exit_to_appLogg av")): Object: 'Object Repository/Object Clouse Browser/Page_nightlyno - Axiell Quria/a_exit_to_appLogg av' is clicked on

2020-04-22 17:18:57 - [MESSAGE][PASSED] - Object: 'Object Repository/Object Clouse Browser/Page_nightlyno - Axiell Quria/a_exit_to_appLogg av' is clicked on

2020-04-22 17:18:57 - [TEST_STEP][PASSED] - closeBrowser(): Browser is closed

2020-04-22 17:18:59 - [MESSAGE][PASSED] - Browser is closed]]></system-out>
         <system-err><![CDATA[]]></system-err>
      </testcase>
      <testcase name="Test Cases/Test verify Fuzzy search (between 0-2 letters)" classname="Test Cases/Test verify Fuzzy search (between 0-2 letters)" status="PASSED">
         <system-out><![CDATA[2020-04-22 17:18:59 - [TEST_CASE][PASSED] - Test Cases/Test verify Fuzzy search (between 0-2 letters): Test Cases/Test verify Fuzzy search (between 0-2 letters)

2020-04-22 17:19:00 - [TEST_STEP][PASSED] - callTestCase(findTestCase("Test Patron/Test Case Login"), [:], STOP_ON_FAILURE): Call Test Case 'Test Cases/Test Patron/Test Case Login' successfully

2020-04-22 17:19:00 - [TEST_CASE][PASSED] - Test Cases/Test Patron/Test Case Login: Test Cases/Test Patron/Test Case Login

2020-04-22 17:19:00 - [TEST_STEP][PASSED] - openBrowser(""): Browser is opened with url: ''

2020-04-22 17:19:00 - [MESSAGE][INFO] - Starting 'Chrome' driver

2020-04-22 17:19:08 - [MESSAGE][PASSED] - Browser is opened with url: ''

2020-04-22 17:19:08 - [TEST_STEP][PASSED] - navigateToUrl("https://nightlyno.quriaint.axiell.com"): Navigate to 'https://nightlyno.quriaint.axiell.com' successfully

2020-04-22 17:19:10 - [MESSAGE][PASSED] - Navigate to 'https://nightlyno.quriaint.axiell.com' successfully

2020-04-22 17:19:10 - [TEST_STEP][PASSED] - click(findTestObject("Test Simple Search/Page_Axiell Quria/a_Sign in with Google")): Object: 'Object Repository/Test Simple Search/Page_Axiell Quria/a_Sign in with Google' is clicked on

2020-04-22 17:19:14 - [MESSAGE][PASSED] - Object: 'Object Repository/Test Simple Search/Page_Axiell Quria/a_Sign in with Google' is clicked on

2020-04-22 17:19:14 - [TEST_STEP][PASSED] - setText(findTestObject("Capture Object Patron/Page_Axiell Quria/input_axiell.com_identifier"), "axiell.norge.quria@gmail.com"): Text 'axiell.norge.quria@gmail.com' is set on object 'Object Repository/Capture Object Patron/Page_Axiell Quria/input_axiell.com_identifier'

2020-04-22 17:19:18 - [MESSAGE][PASSED] - Text 'axiell.norge.quria@gmail.com' is set on object 'Object Repository/Capture Object Patron/Page_Axiell Quria/input_axiell.com_identifier'

2020-04-22 17:19:18 - [TEST_STEP][PASSED] - click(findTestObject("Capture Object Patron/Page_Logg p  Google-kontoer/span_Neste")): Object: 'Object Repository/Capture Object Patron/Page_Logg p  Google-kontoer/span_Neste' is clicked on

2020-04-22 17:19:21 - [MESSAGE][PASSED] - Object: 'Object Repository/Capture Object Patron/Page_Logg p  Google-kontoer/span_Neste' is clicked on

2020-04-22 17:19:21 - [TEST_STEP][PASSED] - waitForElementVisible(findTestObject("Capture Object Patron/Page_Axiell Quria/input_Password"), 30): Object 'Object Repository/Capture Object Patron/Page_Axiell Quria/input_Password' is visible

2020-04-22 17:19:23 - [MESSAGE][PASSED] - Object 'Object Repository/Capture Object Patron/Page_Axiell Quria/input_Password' is visible

2020-04-22 17:19:23 - [TEST_STEP][PASSED] - setEncryptedText(findTestObject("Capture Object Patron/Page_Axiell Quria/input_Password"), "d097ITWPO7f2v9EptRJGCg=="): Text ****** has been set on object 'Object Repository/Capture Object Patron/Page_Axiell Quria/input_Password'

2020-04-22 17:19:26 - [MESSAGE][PASSED] - Text ****** has been set on object 'Object Repository/Capture Object Patron/Page_Axiell Quria/input_Password'

2020-04-22 17:19:26 - [TEST_STEP][PASSED] - click(findTestObject("Manual Captured Objects/Page_Logg p  Google-kontoer/div_Neste")): Object: 'Object Repository/Manual Captured Objects/Page_Logg p  Google-kontoer/div_Neste' is clicked on

2020-04-22 17:19:28 - [MESSAGE][PASSED] - Object: 'Object Repository/Manual Captured Objects/Page_Logg p  Google-kontoer/div_Neste' is clicked on

2020-04-22 17:19:28 - [MESSAGE][PASSED] - Call Test Case 'Test Cases/Test Patron/Test Case Login' successfully

2020-04-22 17:19:28 - [TEST_STEP][PASSED] - click(findTestObject("Object Repository/Test Simple Search/Page_nightlyno - Axiell Quria/md-icon")): Object: 'Object Repository/Test Simple Search/Page_nightlyno - Axiell Quria/md-icon' is clicked on

2020-04-22 17:19:35 - [MESSAGE][PASSED] - Object: 'Object Repository/Test Simple Search/Page_nightlyno - Axiell Quria/md-icon' is clicked on

2020-04-22 17:19:35 - [TEST_STEP][PASSED] - setText(findTestObject("Object Repository/Test Simple Search/Page_nightlyno - Axiell Quria/input_Abonnementer_search-inpu"), "me"): Text 'me' is set on object 'Object Repository/Test Simple Search/Page_nightlyno - Axiell Quria/input_Abonnementer_search-inpu'

2020-04-22 17:19:45 - [MESSAGE][PASSED] - Text 'me' is set on object 'Object Repository/Test Simple Search/Page_nightlyno - Axiell Quria/input_Abonnementer_search-inpu'

2020-04-22 17:19:45 - [TEST_STEP][PASSED] - click(findTestObject("test manuel objecter 2/Page_nightlyno - Axiell Quria/md-icon_1")): Object: 'Object Repository/test manuel objecter 2/Page_nightlyno - Axiell Quria/md-icon_1' is clicked on

2020-04-22 17:19:48 - [MESSAGE][PASSED] - Object: 'Object Repository/test manuel objecter 2/Page_nightlyno - Axiell Quria/md-icon_1' is clicked on

2020-04-22 17:19:48 - [TEST_STEP][PASSED] - click(findTestObject("test manuel objecter 2/Page_nightlyno - Axiell Quria/div_Resultater")): Object: 'Object Repository/test manuel objecter 2/Page_nightlyno - Axiell Quria/div_Resultater' is clicked on

2020-04-22 17:19:50 - [MESSAGE][PASSED] - Object: 'Object Repository/test manuel objecter 2/Page_nightlyno - Axiell Quria/div_Resultater' is clicked on

2020-04-22 17:19:50 - [TEST_STEP][PASSED] - verifyElementText(findTestObject("test manuel objecter 2/Page_nightlyno - Axiell Quria/div_Resultater"), "Resultater: 125"): Actual text and expected text of test object 'Object Repository/test manuel objecter 2/Page_nightlyno - Axiell Quria/div_Resultater' are matched.

2020-04-22 17:19:52 - [MESSAGE][PASSED] - Actual text and expected text of test object 'Object Repository/test manuel objecter 2/Page_nightlyno - Axiell Quria/div_Resultater' are matched.

2020-04-22 17:19:52 - [TEST_STEP][PASSED] - click(findTestObject("Object Repository/Object Clouse Browser/Page_nightlyno - Axiell Quria/md-icon_expand_more")): Object: 'Object Repository/Object Clouse Browser/Page_nightlyno - Axiell Quria/md-icon_expand_more' is clicked on

2020-04-22 17:19:54 - [MESSAGE][PASSED] - Object: 'Object Repository/Object Clouse Browser/Page_nightlyno - Axiell Quria/md-icon_expand_more' is clicked on

2020-04-22 17:19:54 - [TEST_STEP][PASSED] - click(findTestObject("Object Repository/Object Clouse Browser/Page_nightlyno - Axiell Quria/a_exit_to_appLogg av")): Object: 'Object Repository/Object Clouse Browser/Page_nightlyno - Axiell Quria/a_exit_to_appLogg av' is clicked on

2020-04-22 17:19:56 - [MESSAGE][PASSED] - Object: 'Object Repository/Object Clouse Browser/Page_nightlyno - Axiell Quria/a_exit_to_appLogg av' is clicked on

2020-04-22 17:19:56 - [TEST_STEP][PASSED] - closeBrowser(): Browser is closed

2020-04-22 17:19:58 - [MESSAGE][PASSED] - Browser is closed]]></system-out>
         <system-err><![CDATA[]]></system-err>
      </testcase>
      <testcase name="Test Cases/Test verify Fuzzy search (between 3-5 letters)" classname="Test Cases/Test verify Fuzzy search (between 3-5 letters)" status="PASSED">
         <system-out><![CDATA[2020-04-22 17:19:58 - [TEST_CASE][PASSED] - Test Cases/Test verify Fuzzy search (between 3-5 letters): Test Cases/Test verify Fuzzy search (between 3-5 letters)

2020-04-22 17:19:58 - [TEST_STEP][PASSED] - callTestCase(findTestCase("Test Patron/Test Case Login"), [:], STOP_ON_FAILURE): Call Test Case 'Test Cases/Test Patron/Test Case Login' successfully

2020-04-22 17:19:58 - [TEST_CASE][PASSED] - Test Cases/Test Patron/Test Case Login: Test Cases/Test Patron/Test Case Login

2020-04-22 17:19:58 - [TEST_STEP][PASSED] - openBrowser(""): Browser is opened with url: ''

2020-04-22 17:19:58 - [MESSAGE][INFO] - Starting 'Chrome' driver

2020-04-22 17:20:07 - [MESSAGE][PASSED] - Browser is opened with url: ''

2020-04-22 17:20:07 - [TEST_STEP][PASSED] - navigateToUrl("https://nightlyno.quriaint.axiell.com"): Navigate to 'https://nightlyno.quriaint.axiell.com' successfully

2020-04-22 17:20:08 - [MESSAGE][PASSED] - Navigate to 'https://nightlyno.quriaint.axiell.com' successfully

2020-04-22 17:20:08 - [TEST_STEP][PASSED] - click(findTestObject("Test Simple Search/Page_Axiell Quria/a_Sign in with Google")): Object: 'Object Repository/Test Simple Search/Page_Axiell Quria/a_Sign in with Google' is clicked on

2020-04-22 17:20:12 - [MESSAGE][PASSED] - Object: 'Object Repository/Test Simple Search/Page_Axiell Quria/a_Sign in with Google' is clicked on

2020-04-22 17:20:12 - [TEST_STEP][PASSED] - setText(findTestObject("Capture Object Patron/Page_Axiell Quria/input_axiell.com_identifier"), "axiell.norge.quria@gmail.com"): Text 'axiell.norge.quria@gmail.com' is set on object 'Object Repository/Capture Object Patron/Page_Axiell Quria/input_axiell.com_identifier'

2020-04-22 17:20:16 - [MESSAGE][PASSED] - Text 'axiell.norge.quria@gmail.com' is set on object 'Object Repository/Capture Object Patron/Page_Axiell Quria/input_axiell.com_identifier'

2020-04-22 17:20:16 - [TEST_STEP][PASSED] - click(findTestObject("Capture Object Patron/Page_Logg p  Google-kontoer/span_Neste")): Object: 'Object Repository/Capture Object Patron/Page_Logg p  Google-kontoer/span_Neste' is clicked on

2020-04-22 17:20:18 - [MESSAGE][PASSED] - Object: 'Object Repository/Capture Object Patron/Page_Logg p  Google-kontoer/span_Neste' is clicked on

2020-04-22 17:20:18 - [TEST_STEP][PASSED] - waitForElementVisible(findTestObject("Capture Object Patron/Page_Axiell Quria/input_Password"), 30): Object 'Object Repository/Capture Object Patron/Page_Axiell Quria/input_Password' is visible

2020-04-22 17:20:20 - [MESSAGE][PASSED] - Object 'Object Repository/Capture Object Patron/Page_Axiell Quria/input_Password' is visible

2020-04-22 17:20:20 - [TEST_STEP][PASSED] - setEncryptedText(findTestObject("Capture Object Patron/Page_Axiell Quria/input_Password"), "d097ITWPO7f2v9EptRJGCg=="): Text ****** has been set on object 'Object Repository/Capture Object Patron/Page_Axiell Quria/input_Password'

2020-04-22 17:20:24 - [MESSAGE][PASSED] - Text ****** has been set on object 'Object Repository/Capture Object Patron/Page_Axiell Quria/input_Password'

2020-04-22 17:20:24 - [TEST_STEP][PASSED] - click(findTestObject("Manual Captured Objects/Page_Logg p  Google-kontoer/div_Neste")): Object: 'Object Repository/Manual Captured Objects/Page_Logg p  Google-kontoer/div_Neste' is clicked on

2020-04-22 17:20:26 - [MESSAGE][PASSED] - Object: 'Object Repository/Manual Captured Objects/Page_Logg p  Google-kontoer/div_Neste' is clicked on

2020-04-22 17:20:26 - [MESSAGE][PASSED] - Call Test Case 'Test Cases/Test Patron/Test Case Login' successfully

2020-04-22 17:20:26 - [TEST_STEP][PASSED] - click(findTestObject("Object Repository/Test Simple Search/Page_nightlyno - Axiell Quria/md-icon")): Object: 'Object Repository/Test Simple Search/Page_nightlyno - Axiell Quria/md-icon' is clicked on

2020-04-22 17:20:33 - [MESSAGE][PASSED] - Object: 'Object Repository/Test Simple Search/Page_nightlyno - Axiell Quria/md-icon' is clicked on

2020-04-22 17:20:33 - [TEST_STEP][PASSED] - setText(findTestObject("Object Repository/Test Simple Search/Page_nightlyno - Axiell Quria/input_Abonnementer_search-inpu"), "meyr"): Text 'meyr' is set on object 'Object Repository/Test Simple Search/Page_nightlyno - Axiell Quria/input_Abonnementer_search-inpu'

2020-04-22 17:20:43 - [MESSAGE][PASSED] - Text 'meyr' is set on object 'Object Repository/Test Simple Search/Page_nightlyno - Axiell Quria/input_Abonnementer_search-inpu'

2020-04-22 17:20:43 - [TEST_STEP][PASSED] - click(findTestObject("test manuel objecter 2/Page_nightlyno - Axiell Quria/md-icon_1")): Object: 'Object Repository/test manuel objecter 2/Page_nightlyno - Axiell Quria/md-icon_1' is clicked on

2020-04-22 17:20:45 - [MESSAGE][PASSED] - Object: 'Object Repository/test manuel objecter 2/Page_nightlyno - Axiell Quria/md-icon_1' is clicked on

2020-04-22 17:20:45 - [TEST_STEP][PASSED] - click(findTestObject("test manuel objecter 2/Page_nightlyno - Axiell Quria/div_Resultater")): Object: 'Object Repository/test manuel objecter 2/Page_nightlyno - Axiell Quria/div_Resultater' is clicked on

2020-04-22 17:20:47 - [MESSAGE][PASSED] - Object: 'Object Repository/test manuel objecter 2/Page_nightlyno - Axiell Quria/div_Resultater' is clicked on

2020-04-22 17:20:47 - [TEST_STEP][PASSED] - verifyElementText(findTestObject("test manuel objecter 2/Page_nightlyno - Axiell Quria/div_Resultater"), "Resultater: 0"): Actual text and expected text of test object 'Object Repository/test manuel objecter 2/Page_nightlyno - Axiell Quria/div_Resultater' are matched.

2020-04-22 17:20:49 - [MESSAGE][PASSED] - Actual text and expected text of test object 'Object Repository/test manuel objecter 2/Page_nightlyno - Axiell Quria/div_Resultater' are matched.

2020-04-22 17:20:49 - [TEST_STEP][PASSED] - click(findTestObject("Object Repository/Object Clouse Browser/Page_nightlyno - Axiell Quria/md-icon_expand_more")): Object: 'Object Repository/Object Clouse Browser/Page_nightlyno - Axiell Quria/md-icon_expand_more' is clicked on

2020-04-22 17:20:51 - [MESSAGE][PASSED] - Object: 'Object Repository/Object Clouse Browser/Page_nightlyno - Axiell Quria/md-icon_expand_more' is clicked on

2020-04-22 17:20:51 - [TEST_STEP][PASSED] - click(findTestObject("Object Repository/Object Clouse Browser/Page_nightlyno - Axiell Quria/a_exit_to_appLogg av")): Object: 'Object Repository/Object Clouse Browser/Page_nightlyno - Axiell Quria/a_exit_to_appLogg av' is clicked on

2020-04-22 17:20:53 - [MESSAGE][PASSED] - Object: 'Object Repository/Object Clouse Browser/Page_nightlyno - Axiell Quria/a_exit_to_appLogg av' is clicked on

2020-04-22 17:20:53 - [TEST_STEP][PASSED] - closeBrowser(): Browser is closed

2020-04-22 17:20:55 - [MESSAGE][PASSED] - Browser is closed]]></system-out>
         <system-err><![CDATA[]]></system-err>
      </testcase>
      <testcase name="Test Cases/Test verify Fuzzy search (more tha 6 letters)" classname="Test Cases/Test verify Fuzzy search (more tha 6 letters)" status="PASSED">
         <system-out><![CDATA[2020-04-22 17:20:55 - [TEST_CASE][PASSED] - Test Cases/Test verify Fuzzy search (more tha 6 letters): Test Cases/Test verify Fuzzy search (more tha 6 letters)

2020-04-22 17:20:55 - [TEST_STEP][PASSED] - callTestCase(findTestCase("Test Patron/Test Case Login"), [:], STOP_ON_FAILURE): Call Test Case 'Test Cases/Test Patron/Test Case Login' successfully

2020-04-22 17:20:56 - [TEST_CASE][PASSED] - Test Cases/Test Patron/Test Case Login: Test Cases/Test Patron/Test Case Login

2020-04-22 17:20:56 - [TEST_STEP][PASSED] - openBrowser(""): Browser is opened with url: ''

2020-04-22 17:20:56 - [MESSAGE][INFO] - Starting 'Chrome' driver

2020-04-22 17:21:05 - [MESSAGE][PASSED] - Browser is opened with url: ''

2020-04-22 17:21:05 - [TEST_STEP][PASSED] - navigateToUrl("https://nightlyno.quriaint.axiell.com"): Navigate to 'https://nightlyno.quriaint.axiell.com' successfully

2020-04-22 17:21:07 - [MESSAGE][PASSED] - Navigate to 'https://nightlyno.quriaint.axiell.com' successfully

2020-04-22 17:21:07 - [TEST_STEP][PASSED] - click(findTestObject("Test Simple Search/Page_Axiell Quria/a_Sign in with Google")): Object: 'Object Repository/Test Simple Search/Page_Axiell Quria/a_Sign in with Google' is clicked on

2020-04-22 17:21:12 - [MESSAGE][PASSED] - Object: 'Object Repository/Test Simple Search/Page_Axiell Quria/a_Sign in with Google' is clicked on

2020-04-22 17:21:12 - [TEST_STEP][PASSED] - setText(findTestObject("Capture Object Patron/Page_Axiell Quria/input_axiell.com_identifier"), "axiell.norge.quria@gmail.com"): Text 'axiell.norge.quria@gmail.com' is set on object 'Object Repository/Capture Object Patron/Page_Axiell Quria/input_axiell.com_identifier'

2020-04-22 17:21:16 - [MESSAGE][PASSED] - Text 'axiell.norge.quria@gmail.com' is set on object 'Object Repository/Capture Object Patron/Page_Axiell Quria/input_axiell.com_identifier'

2020-04-22 17:21:16 - [TEST_STEP][PASSED] - click(findTestObject("Capture Object Patron/Page_Logg p  Google-kontoer/span_Neste")): Object: 'Object Repository/Capture Object Patron/Page_Logg p  Google-kontoer/span_Neste' is clicked on

2020-04-22 17:21:19 - [MESSAGE][PASSED] - Object: 'Object Repository/Capture Object Patron/Page_Logg p  Google-kontoer/span_Neste' is clicked on

2020-04-22 17:21:19 - [TEST_STEP][PASSED] - waitForElementVisible(findTestObject("Capture Object Patron/Page_Axiell Quria/input_Password"), 30): Object 'Object Repository/Capture Object Patron/Page_Axiell Quria/input_Password' is visible

2020-04-22 17:21:21 - [MESSAGE][PASSED] - Object 'Object Repository/Capture Object Patron/Page_Axiell Quria/input_Password' is visible

2020-04-22 17:21:21 - [TEST_STEP][PASSED] - setEncryptedText(findTestObject("Capture Object Patron/Page_Axiell Quria/input_Password"), "d097ITWPO7f2v9EptRJGCg=="): Text ****** has been set on object 'Object Repository/Capture Object Patron/Page_Axiell Quria/input_Password'

2020-04-22 17:21:24 - [MESSAGE][PASSED] - Text ****** has been set on object 'Object Repository/Capture Object Patron/Page_Axiell Quria/input_Password'

2020-04-22 17:21:24 - [TEST_STEP][PASSED] - click(findTestObject("Manual Captured Objects/Page_Logg p  Google-kontoer/div_Neste")): Object: 'Object Repository/Manual Captured Objects/Page_Logg p  Google-kontoer/div_Neste' is clicked on

2020-04-22 17:21:26 - [MESSAGE][PASSED] - Object: 'Object Repository/Manual Captured Objects/Page_Logg p  Google-kontoer/div_Neste' is clicked on

2020-04-22 17:21:26 - [MESSAGE][PASSED] - Call Test Case 'Test Cases/Test Patron/Test Case Login' successfully

2020-04-22 17:21:26 - [TEST_STEP][PASSED] - click(findTestObject("Object Repository/Test Simple Search/Page_nightlyno - Axiell Quria/md-icon")): Object: 'Object Repository/Test Simple Search/Page_nightlyno - Axiell Quria/md-icon' is clicked on

2020-04-22 17:21:34 - [MESSAGE][PASSED] - Object: 'Object Repository/Test Simple Search/Page_nightlyno - Axiell Quria/md-icon' is clicked on

2020-04-22 17:21:34 - [TEST_STEP][PASSED] - setText(findTestObject("Object Repository/Test Simple Search/Page_nightlyno - Axiell Quria/input_Abonnementer_search-inpu"), "norwgan"): Text 'norwgan' is set on object 'Object Repository/Test Simple Search/Page_nightlyno - Axiell Quria/input_Abonnementer_search-inpu'

2020-04-22 17:21:45 - [MESSAGE][PASSED] - Text 'norwgan' is set on object 'Object Repository/Test Simple Search/Page_nightlyno - Axiell Quria/input_Abonnementer_search-inpu'

2020-04-22 17:21:45 - [TEST_STEP][PASSED] - click(findTestObject("test manuel objecter 2/Page_nightlyno - Axiell Quria/md-icon_1")): Object: 'Object Repository/test manuel objecter 2/Page_nightlyno - Axiell Quria/md-icon_1' is clicked on

2020-04-22 17:21:48 - [MESSAGE][PASSED] - Object: 'Object Repository/test manuel objecter 2/Page_nightlyno - Axiell Quria/md-icon_1' is clicked on

2020-04-22 17:21:48 - [TEST_STEP][PASSED] - click(findTestObject("test manuel objecter 2/Page_nightlyno - Axiell Quria/div_Resultater")): Object: 'Object Repository/test manuel objecter 2/Page_nightlyno - Axiell Quria/div_Resultater' is clicked on

2020-04-22 17:21:50 - [MESSAGE][PASSED] - Object: 'Object Repository/test manuel objecter 2/Page_nightlyno - Axiell Quria/div_Resultater' is clicked on

2020-04-22 17:21:50 - [TEST_STEP][PASSED] - verifyElementText(findTestObject("test manuel objecter 2/Page_nightlyno - Axiell Quria/div_Resultater"), "Resultater: 0"): Actual text and expected text of test object 'Object Repository/test manuel objecter 2/Page_nightlyno - Axiell Quria/div_Resultater' are matched.

2020-04-22 17:21:52 - [MESSAGE][PASSED] - Actual text and expected text of test object 'Object Repository/test manuel objecter 2/Page_nightlyno - Axiell Quria/div_Resultater' are matched.

2020-04-22 17:21:52 - [TEST_STEP][PASSED] - click(findTestObject("Object Repository/Object Clouse Browser/Page_nightlyno - Axiell Quria/md-icon_expand_more")): Object: 'Object Repository/Object Clouse Browser/Page_nightlyno - Axiell Quria/md-icon_expand_more' is clicked on

2020-04-22 17:21:54 - [MESSAGE][PASSED] - Object: 'Object Repository/Object Clouse Browser/Page_nightlyno - Axiell Quria/md-icon_expand_more' is clicked on

2020-04-22 17:21:54 - [TEST_STEP][PASSED] - click(findTestObject("Object Repository/Object Clouse Browser/Page_nightlyno - Axiell Quria/a_exit_to_appLogg av")): Object: 'Object Repository/Object Clouse Browser/Page_nightlyno - Axiell Quria/a_exit_to_appLogg av' is clicked on

2020-04-22 17:21:56 - [MESSAGE][PASSED] - Object: 'Object Repository/Object Clouse Browser/Page_nightlyno - Axiell Quria/a_exit_to_appLogg av' is clicked on

2020-04-22 17:21:56 - [TEST_STEP][PASSED] - closeBrowser(): Browser is closed

2020-04-22 17:21:58 - [MESSAGE][PASSED] - Browser is closed]]></system-out>
         <system-err><![CDATA[]]></system-err>
      </testcase>
      <testcase name="Test Cases/Test verify phrase search" classname="Test Cases/Test verify phrase search" status="PASSED">
         <system-out><![CDATA[2020-04-22 17:21:58 - [TEST_CASE][PASSED] - Test Cases/Test verify phrase search: Test Cases/Test verify phrase search

2020-04-22 17:21:58 - [TEST_STEP][PASSED] - callTestCase(findTestCase("Test Patron/Test Case Login"), [:], STOP_ON_FAILURE): Call Test Case 'Test Cases/Test Patron/Test Case Login' successfully

2020-04-22 17:21:58 - [TEST_CASE][PASSED] - Test Cases/Test Patron/Test Case Login: Test Cases/Test Patron/Test Case Login

2020-04-22 17:21:58 - [TEST_STEP][PASSED] - openBrowser(""): Browser is opened with url: ''

2020-04-22 17:21:58 - [MESSAGE][INFO] - Starting 'Chrome' driver

2020-04-22 17:22:07 - [MESSAGE][PASSED] - Browser is opened with url: ''

2020-04-22 17:22:07 - [TEST_STEP][PASSED] - navigateToUrl("https://nightlyno.quriaint.axiell.com"): Navigate to 'https://nightlyno.quriaint.axiell.com' successfully

2020-04-22 17:22:08 - [MESSAGE][PASSED] - Navigate to 'https://nightlyno.quriaint.axiell.com' successfully

2020-04-22 17:22:08 - [TEST_STEP][PASSED] - click(findTestObject("Test Simple Search/Page_Axiell Quria/a_Sign in with Google")): Object: 'Object Repository/Test Simple Search/Page_Axiell Quria/a_Sign in with Google' is clicked on

2020-04-22 17:22:12 - [MESSAGE][PASSED] - Object: 'Object Repository/Test Simple Search/Page_Axiell Quria/a_Sign in with Google' is clicked on

2020-04-22 17:22:12 - [TEST_STEP][PASSED] - setText(findTestObject("Capture Object Patron/Page_Axiell Quria/input_axiell.com_identifier"), "axiell.norge.quria@gmail.com"): Text 'axiell.norge.quria@gmail.com' is set on object 'Object Repository/Capture Object Patron/Page_Axiell Quria/input_axiell.com_identifier'

2020-04-22 17:22:17 - [MESSAGE][PASSED] - Text 'axiell.norge.quria@gmail.com' is set on object 'Object Repository/Capture Object Patron/Page_Axiell Quria/input_axiell.com_identifier'

2020-04-22 17:22:17 - [TEST_STEP][PASSED] - click(findTestObject("Capture Object Patron/Page_Logg p  Google-kontoer/span_Neste")): Object: 'Object Repository/Capture Object Patron/Page_Logg p  Google-kontoer/span_Neste' is clicked on

2020-04-22 17:22:19 - [MESSAGE][PASSED] - Object: 'Object Repository/Capture Object Patron/Page_Logg p  Google-kontoer/span_Neste' is clicked on

2020-04-22 17:22:19 - [TEST_STEP][PASSED] - waitForElementVisible(findTestObject("Capture Object Patron/Page_Axiell Quria/input_Password"), 30): Object 'Object Repository/Capture Object Patron/Page_Axiell Quria/input_Password' is visible

2020-04-22 17:22:21 - [MESSAGE][PASSED] - Object 'Object Repository/Capture Object Patron/Page_Axiell Quria/input_Password' is visible

2020-04-22 17:22:21 - [TEST_STEP][PASSED] - setEncryptedText(findTestObject("Capture Object Patron/Page_Axiell Quria/input_Password"), "d097ITWPO7f2v9EptRJGCg=="): Text ****** has been set on object 'Object Repository/Capture Object Patron/Page_Axiell Quria/input_Password'

2020-04-22 17:22:24 - [MESSAGE][PASSED] - Text ****** has been set on object 'Object Repository/Capture Object Patron/Page_Axiell Quria/input_Password'

2020-04-22 17:22:24 - [TEST_STEP][PASSED] - click(findTestObject("Manual Captured Objects/Page_Logg p  Google-kontoer/div_Neste")): Object: 'Object Repository/Manual Captured Objects/Page_Logg p  Google-kontoer/div_Neste' is clicked on

2020-04-22 17:22:26 - [MESSAGE][PASSED] - Object: 'Object Repository/Manual Captured Objects/Page_Logg p  Google-kontoer/div_Neste' is clicked on

2020-04-22 17:22:26 - [MESSAGE][PASSED] - Call Test Case 'Test Cases/Test Patron/Test Case Login' successfully

2020-04-22 17:22:26 - [TEST_STEP][PASSED] - click(findTestObject("Object Repository/Test Simple Search/Page_nightlyno - Axiell Quria/md-icon")): Object: 'Object Repository/Test Simple Search/Page_nightlyno - Axiell Quria/md-icon' is clicked on

2020-04-22 17:22:33 - [MESSAGE][PASSED] - Object: 'Object Repository/Test Simple Search/Page_nightlyno - Axiell Quria/md-icon' is clicked on

2020-04-22 17:22:33 - [TEST_STEP][PASSED] - waitForElementVisible(findTestObject("Test Simple Search/Page_nightlyno - Axiell Quria/input_Abonnementer_search-inpu"), 30): Object 'Object Repository/Test Simple Search/Page_nightlyno - Axiell Quria/input_Abonnementer_search-inpu' is visible

2020-04-22 17:22:42 - [MESSAGE][PASSED] - Object 'Object Repository/Test Simple Search/Page_nightlyno - Axiell Quria/input_Abonnementer_search-inpu' is visible

2020-04-22 17:22:42 - [TEST_STEP][PASSED] - setText(findTestObject("Object Repository/Test Simple Search/Page_nightlyno - Axiell Quria/input_Abonnementer_search-inpu"), ""magiske fingeren""): Text '"magiske fingeren"' is set on object 'Object Repository/Test Simple Search/Page_nightlyno - Axiell Quria/input_Abonnementer_search-inpu'

2020-04-22 17:22:47 - [MESSAGE][PASSED] - Text '"magiske fingeren"' is set on object 'Object Repository/Test Simple Search/Page_nightlyno - Axiell Quria/input_Abonnementer_search-inpu'

2020-04-22 17:22:47 - [TEST_STEP][PASSED] - click(findTestObject("test manuel objecter 2/Page_nightlyno - Axiell Quria/md-icon_1")): Object: 'Object Repository/test manuel objecter 2/Page_nightlyno - Axiell Quria/md-icon_1' is clicked on

2020-04-22 17:22:49 - [MESSAGE][PASSED] - Object: 'Object Repository/test manuel objecter 2/Page_nightlyno - Axiell Quria/md-icon_1' is clicked on

2020-04-22 17:22:49 - [TEST_STEP][PASSED] - click(findTestObject("test manuel objecter 2/Page_nightlyno - Axiell Quria/div_Resultater")): Object: 'Object Repository/test manuel objecter 2/Page_nightlyno - Axiell Quria/div_Resultater' is clicked on

2020-04-22 17:22:51 - [MESSAGE][PASSED] - Object: 'Object Repository/test manuel objecter 2/Page_nightlyno - Axiell Quria/div_Resultater' is clicked on

[...]

2020-04-22 17:24:26 - [TEST_STEP][PASSED] - setEncryptedText(findTestObject("Capture Object Patron/Page_Axiell Quria/input_Password"), "d097ITWPO7f2v9EptRJGCg=="): Text ****** has been set on object 'Object Repository/Capture Object Patron/Page_Axiell Quria/input_Password'

2020-04-22 17:24:29 - [MESSAGE][PASSED] - Text ****** has been set on object 'Object Repository/Capture Object Patron/Page_Axiell Quria/input_Password'

2020-04-22 17:24:29 - [TEST_STEP][PASSED] - click(findTestObject("Manual Captured Objects/Page_Logg p  Google-kontoer/div_Neste")): Object: 'Object Repository/Manual Captured Objects/Page_Logg p  Google-kontoer/div_Neste' is clicked on

2020-04-22 17:24:31 - [MESSAGE][PASSED] - Object: 'Object Repository/Manual Captured Objects/Page_Logg p  Google-kontoer/div_Neste' is clicked on

2020-04-22 17:24:31 - [MESSAGE][PASSED] - Call Test Case 'Test Cases/Test Patron/Test Case Login' successfully

2020-04-22 17:24:31 - [TEST_STEP][PASSED] - click(findTestObject("Object Repository/Test Simple Search/Page_nightlyno - Axiell Quria/md-icon")): Object: 'Object Repository/Test Simple Search/Page_nightlyno - Axiell Quria/md-icon' is clicked on

2020-04-22 17:24:48 - [MESSAGE][PASSED] - Object: 'Object Repository/Test Simple Search/Page_nightlyno - Axiell Quria/md-icon' is clicked on

2020-04-22 17:24:48 - [TEST_STEP][PASSED] - waitForElementVisible(findTestObject("Test Simple Search/Page_nightlyno - Axiell Quria/input_Abonnementer_search-inpu"), 30): Object 'Object Repository/Test Simple Search/Page_nightlyno - Axiell Quria/input_Abonnementer_search-inpu' is visible

2020-04-22 17:24:50 - [MESSAGE][PASSED] - Object 'Object Repository/Test Simple Search/Page_nightlyno - Axiell Quria/input_Abonnementer_search-inpu' is visible

2020-04-22 17:24:50 - [TEST_STEP][PASSED] - setText(findTestObject("Object Repository/Test Simple Search/Page_nightlyno - Axiell Quria/input_Abonnementer_search-inpu"), "søster"): Text 'søster' is set on object 'Object Repository/Test Simple Search/Page_nightlyno - Axiell Quria/input_Abonnementer_search-inpu'

2020-04-22 17:24:54 - [MESSAGE][PASSED] - Text 'søster' is set on object 'Object Repository/Test Simple Search/Page_nightlyno - Axiell Quria/input_Abonnementer_search-inpu'

2020-04-22 17:24:54 - [TEST_STEP][PASSED] - click(findTestObject("test manuel objecter 2/Page_nightlyno - Axiell Quria/md-icon_1")): Object: 'Object Repository/test manuel objecter 2/Page_nightlyno - Axiell Quria/md-icon_1' is clicked on

2020-04-22 17:24:56 - [MESSAGE][PASSED] - Object: 'Object Repository/test manuel objecter 2/Page_nightlyno - Axiell Quria/md-icon_1' is clicked on

2020-04-22 17:24:56 - [TEST_STEP][PASSED] - click(findTestObject("test manuel objecter 2/Page_nightlyno - Axiell Quria/div_Resultater")): Object: 'Object Repository/test manuel objecter 2/Page_nightlyno - Axiell Quria/div_Resultater' is clicked on

2020-04-22 17:24:58 - [MESSAGE][PASSED] - Object: 'Object Repository/test manuel objecter 2/Page_nightlyno - Axiell Quria/div_Resultater' is clicked on

2020-04-22 17:24:58 - [TEST_STEP][PASSED] - verifyElementText(findTestObject("test manuel objecter 2/Page_nightlyno - Axiell Quria/div_Resultater"), "Resultater: 56"): Actual text and expected text of test object 'Object Repository/test manuel objecter 2/Page_nightlyno - Axiell Quria/div_Resultater' are matched.

2020-04-22 17:25:00 - [MESSAGE][PASSED] - Actual text and expected text of test object 'Object Repository/test manuel objecter 2/Page_nightlyno - Axiell Quria/div_Resultater' are matched.

2020-04-22 17:25:00 - [TEST_STEP][PASSED] - click(findTestObject("Object Repository/Object Clouse Browser/Page_nightlyno - Axiell Quria/md-icon_expand_more")): Object: 'Object Repository/Object Clouse Browser/Page_nightlyno - Axiell Quria/md-icon_expand_more' is clicked on

2020-04-22 17:25:03 - [MESSAGE][PASSED] - Object: 'Object Repository/Object Clouse Browser/Page_nightlyno - Axiell Quria/md-icon_expand_more' is clicked on

2020-04-22 17:25:03 - [TEST_STEP][PASSED] - click(findTestObject("Object Repository/Object Clouse Browser/Page_nightlyno - Axiell Quria/a_exit_to_appLogg av")): Object: 'Object Repository/Object Clouse Browser/Page_nightlyno - Axiell Quria/a_exit_to_appLogg av' is clicked on

2020-04-22 17:25:05 - [MESSAGE][PASSED] - Object: 'Object Repository/Object Clouse Browser/Page_nightlyno - Axiell Quria/a_exit_to_appLogg av' is clicked on

2020-04-22 17:25:05 - [TEST_STEP][PASSED] - closeBrowser(): Browser is closed

2020-04-22 17:25:07 - [MESSAGE][PASSED] - Browser is closed]]></system-out>
         <system-err><![CDATA[]]></system-err>
      </testcase>
      <testcase name="Test Cases/Test verify scandinavian letters (Swedish)" classname="Test Cases/Test verify scandinavian letters (Swedish)" status="PASSED">
         <system-out><![CDATA[2020-04-22 17:25:07 - [TEST_CASE][PASSED] - Test Cases/Test verify scandinavian letters (Swedish): Test Cases/Test verify scandinavian letters (Swedish)

2020-04-22 17:25:07 - [TEST_STEP][PASSED] - callTestCase(findTestCase("Test Patron/Test Case Login"), [:], STOP_ON_FAILURE): Call Test Case 'Test Cases/Test Patron/Test Case Login' successfully

2020-04-22 17:25:07 - [TEST_CASE][PASSED] - Test Cases/Test Patron/Test Case Login: Test Cases/Test Patron/Test Case Login

2020-04-22 17:25:07 - [TEST_STEP][PASSED] - openBrowser(""): Browser is opened with url: ''

2020-04-22 17:25:07 - [MESSAGE][INFO] - Starting 'Chrome' driver

2020-04-22 17:25:15 - [MESSAGE][PASSED] - Browser is opened with url: ''

2020-04-22 17:25:15 - [TEST_STEP][PASSED] - navigateToUrl("https://nightlyno.quriaint.axiell.com"): Navigate to 'https://nightlyno.quriaint.axiell.com' successfully

2020-04-22 17:25:17 - [MESSAGE][PASSED] - Navigate to 'https://nightlyno.quriaint.axiell.com' successfully

2020-04-22 17:25:17 - [TEST_STEP][PASSED] - click(findTestObject("Test Simple Search/Page_Axiell Quria/a_Sign in with Google")): Object: 'Object Repository/Test Simple Search/Page_Axiell Quria/a_Sign in with Google' is clicked on

2020-04-22 17:25:21 - [MESSAGE][PASSED] - Object: 'Object Repository/Test Simple Search/Page_Axiell Quria/a_Sign in with Google' is clicked on

2020-04-22 17:25:21 - [TEST_STEP][PASSED] - setText(findTestObject("Capture Object Patron/Page_Axiell Quria/input_axiell.com_identifier"), "axiell.norge.quria@gmail.com"): Text 'axiell.norge.quria@gmail.com' is set on object 'Object Repository/Capture Object Patron/Page_Axiell Quria/input_axiell.com_identifier'

2020-04-22 17:25:25 - [MESSAGE][PASSED] - Text 'axiell.norge.quria@gmail.com' is set on object 'Object Repository/Capture Object Patron/Page_Axiell Quria/input_axiell.com_identifier'

2020-04-22 17:25:25 - [TEST_STEP][PASSED] - click(findTestObject("Capture Object Patron/Page_Logg p  Google-kontoer/span_Neste")): Object: 'Object Repository/Capture Object Patron/Page_Logg p  Google-kontoer/span_Neste' is clicked on

2020-04-22 17:25:27 - [MESSAGE][PASSED] - Object: 'Object Repository/Capture Object Patron/Page_Logg p  Google-kontoer/span_Neste' is clicked on

2020-04-22 17:25:27 - [TEST_STEP][PASSED] - waitForElementVisible(findTestObject("Capture Object Patron/Page_Axiell Quria/input_Password"), 30): Object 'Object Repository/Capture Object Patron/Page_Axiell Quria/input_Password' is visible

2020-04-22 17:25:29 - [MESSAGE][PASSED] - Object 'Object Repository/Capture Object Patron/Page_Axiell Quria/input_Password' is visible

2020-04-22 17:25:29 - [TEST_STEP][PASSED] - setEncryptedText(findTestObject("Capture Object Patron/Page_Axiell Quria/input_Password"), "d097ITWPO7f2v9EptRJGCg=="): Text ****** has been set on object 'Object Repository/Capture Object Patron/Page_Axiell Quria/input_Password'

2020-04-22 17:25:33 - [MESSAGE][PASSED] - Text ****** has been set on object 'Object Repository/Capture Object Patron/Page_Axiell Quria/input_Password'

2020-04-22 17:25:33 - [TEST_STEP][PASSED] - click(findTestObject("Manual Captured Objects/Page_Logg p  Google-kontoer/div_Neste")): Object: 'Object Repository/Manual Captured Objects/Page_Logg p  Google-kontoer/div_Neste' is clicked on

2020-04-22 17:25:35 - [MESSAGE][PASSED] - Object: 'Object Repository/Manual Captured Objects/Page_Logg p  Google-kontoer/div_Neste' is clicked on

2020-04-22 17:25:35 - [MESSAGE][PASSED] - Call Test Case 'Test Cases/Test Patron/Test Case Login' successfully

2020-04-22 17:25:35 - [TEST_STEP][PASSED] - click(findTestObject("Object Repository/Test Simple Search/Page_nightlyno - Axiell Quria/md-icon")): Object: 'Object Repository/Test Simple Search/Page_nightlyno - Axiell Quria/md-icon' is clicked on

2020-04-22 17:25:41 - [MESSAGE][PASSED] - Object: 'Object Repository/Test Simple Search/Page_nightlyno - Axiell Quria/md-icon' is clicked on

2020-04-22 17:25:41 - [TEST_STEP][PASSED] - waitForElementVisible(findTestObject("Test Simple Search/Page_nightlyno - Axiell Quria/input_Abonnementer_search-inpu"), 30): Object 'Object Repository/Test Simple Search/Page_nightlyno - Axiell Quria/input_Abonnementer_search-inpu' is visible

2020-04-22 17:25:49 - [MESSAGE][PASSED] - Object 'Object Repository/Test Simple Search/Page_nightlyno - Axiell Quria/input_Abonnementer_search-inpu' is visible

2020-04-22 17:25:49 - [TEST_STEP][PASSED] - setText(findTestObject("Object Repository/Test Simple Search/Page_nightlyno - Axiell Quria/input_Abonnementer_search-inpu"), "söster "): Text 'söster ' is set on object 'Object Repository/Test Simple Search/Page_nightlyno - Axiell Quria/input_Abonnementer_search-inpu'

2020-04-22 17:25:53 - [MESSAGE][PASSED] - Text 'söster ' is set on object 'Object Repository/Test Simple Search/Page_nightlyno - Axiell Quria/input_Abonnementer_search-inpu'

2020-04-22 17:25:53 - [TEST_STEP][PASSED] - click(findTestObject("test manuel objecter 2/Page_nightlyno - Axiell Quria/md-icon_1")): Object: 'Object Repository/test manuel objecter 2/Page_nightlyno - Axiell Quria/md-icon_1' is clicked on

2020-04-22 17:25:56 - [MESSAGE][PASSED] - Object: 'Object Repository/test manuel objecter 2/Page_nightlyno - Axiell Quria/md-icon_1' is clicked on

2020-04-22 17:25:56 - [TEST_STEP][PASSED] - click(findTestObject("test manuel objecter 2/Page_nightlyno - Axiell Quria/div_Resultater")): Object: 'Object Repository/test manuel objecter 2/Page_nightlyno - Axiell Quria/div_Resultater' is clicked on

2020-04-22 17:25:59 - [MESSAGE][PASSED] - Object: 'Object Repository/test manuel objecter 2/Page_nightlyno - Axiell Quria/div_Resultater' is clicked on

2020-04-22 17:25:59 - [TEST_STEP][PASSED] - verifyElementText(findTestObject("test manuel objecter 2/Page_nightlyno - Axiell Quria/div_Resultater"), "Resultater: 56"): Actual text and expected text of test object 'Object Repository/test manuel objecter 2/Page_nightlyno - Axiell Quria/div_Resultater' are matched.

2020-04-22 17:26:01 - [MESSAGE][PASSED] - Actual text and expected text of test object 'Object Repository/test manuel objecter 2/Page_nightlyno - Axiell Quria/div_Resultater' are matched.

2020-04-22 17:26:01 - [TEST_STEP][PASSED] - click(findTestObject("Object Repository/Object Clouse Browser/Page_nightlyno - Axiell Quria/md-icon_expand_more")): Object: 'Object Repository/Object Clouse Browser/Page_nightlyno - Axiell Quria/md-icon_expand_more' is clicked on

2020-04-22 17:26:04 - [MESSAGE][PASSED] - Object: 'Object Repository/Object Clouse Browser/Page_nightlyno - Axiell Quria/md-icon_expand_more' is clicked on

2020-04-22 17:26:04 - [TEST_STEP][PASSED] - click(findTestObject("Object Repository/Object Clouse Browser/Page_nightlyno - Axiell Quria/a_exit_to_appLogg av")): Object: 'Object Repository/Object Clouse Browser/Page_nightlyno - Axiell Quria/a_exit_to_appLogg av' is clicked on

2020-04-22 17:26:06 - [MESSAGE][PASSED] - Object: 'Object Repository/Object Clouse Browser/Page_nightlyno - Axiell Quria/a_exit_to_appLogg av' is clicked on

2020-04-22 17:26:06 - [TEST_STEP][PASSED] - closeBrowser(): Browser is closed

2020-04-22 17:26:08 - [MESSAGE][PASSED] - Browser is closed]]></system-out>
         <system-err><![CDATA[]]></system-err>
      </testcase>
      <testcase name="Test Cases/Test verify truncation and masking" classname="Test Cases/Test verify truncation and masking" status="PASSED">
         <system-out><![CDATA[2020-04-22 17:26:08 - [TEST_CASE][PASSED] - Test Cases/Test verify truncation and masking: Test Cases/Test verify truncation and masking

2020-04-22 17:26:08 - [TEST_STEP][PASSED] - callTestCase(findTestCase("Test Patron/Test Case Login"), [:], STOP_ON_FAILURE): Call Test Case 'Test Cases/Test Patron/Test Case Login' successfully

2020-04-22 17:26:08 - [TEST_CASE][PASSED] - Test Cases/Test Patron/Test Case Login: Test Cases/Test Patron/Test Case Login

2020-04-22 17:26:08 - [TEST_STEP][PASSED] - openBrowser(""): Browser is opened with url: ''

2020-04-22 17:26:08 - [MESSAGE][INFO] - Starting 'Chrome' driver

2020-04-22 17:26:18 - [MESSAGE][PASSED] - Browser is opened with url: ''

2020-04-22 17:26:18 - [TEST_STEP][PASSED] - navigateToUrl("https://nightlyno.quriaint.axiell.com"): Navigate to 'https://nightlyno.quriaint.axiell.com' successfully

2020-04-22 17:26:20 - [MESSAGE][PASSED] - Navigate to 'https://nightlyno.quriaint.axiell.com' successfully

2020-04-22 17:26:20 - [TEST_STEP][PASSED] - click(findTestObject("Test Simple Search/Page_Axiell Quria/a_Sign in with Google")): Object: 'Object Repository/Test Simple Search/Page_Axiell Quria/a_Sign in with Google' is clicked on

2020-04-22 17:26:25 - [MESSAGE][PASSED] - Object: 'Object Repository/Test Simple Search/Page_Axiell Quria/a_Sign in with Google' is clicked on

2020-04-22 17:26:25 - [TEST_STEP][PASSED] - setText(findTestObject("Capture Object Patron/Page_Axiell Quria/input_axiell.com_identifier"), "axiell.norge.quria@gmail.com"): Text 'axiell.norge.quria@gmail.com' is set on object 'Object Repository/Capture Object Patron/Page_Axiell Quria/input_axiell.com_identifier'

2020-04-22 17:26:29 - [MESSAGE][PASSED] - Text 'axiell.norge.quria@gmail.com' is set on object 'Object Repository/Capture Object Patron/Page_Axiell Quria/input_axiell.com_identifier'

2020-04-22 17:26:29 - [TEST_STEP][PASSED] - click(findTestObject("Capture Object Patron/Page_Logg p  Google-kontoer/span_Neste")): Object: 'Object Repository/Capture Object Patron/Page_Logg p  Google-kontoer/span_Neste' is clicked on

2020-04-22 17:26:31 - [MESSAGE][PASSED] - Object: 'Object Repository/Capture Object Patron/Page_Logg p  Google-kontoer/span_Neste' is clicked on

2020-04-22 17:26:31 - [TEST_STEP][PASSED] - waitForElementVisible(findTestObject("Capture Object Patron/Page_Axiell Quria/input_Password"), 30): Object 'Object Repository/Capture Object Patron/Page_Axiell Quria/input_Password' is visible

2020-04-22 17:26:33 - [MESSAGE][PASSED] - Object 'Object Repository/Capture Object Patron/Page_Axiell Quria/input_Password' is visible

2020-04-22 17:26:33 - [TEST_STEP][PASSED] - setEncryptedText(findTestObject("Capture Object Patron/Page_Axiell Quria/input_Password"), "d097ITWPO7f2v9EptRJGCg=="): Text ****** has been set on object 'Object Repository/Capture Object Patron/Page_Axiell Quria/input_Password'

2020-04-22 17:26:37 - [MESSAGE][PASSED] - Text ****** has been set on object 'Object Repository/Capture Object Patron/Page_Axiell Quria/input_Password'

2020-04-22 17:26:37 - [TEST_STEP][PASSED] - click(findTestObject("Manual Captured Objects/Page_Logg p  Google-kontoer/div_Neste")): Object: 'Object Repository/Manual Captured Objects/Page_Logg p  Google-kontoer/div_Neste' is clicked on

2020-04-22 17:26:39 - [MESSAGE][PASSED] - Object: 'Object Repository/Manual Captured Objects/Page_Logg p  Google-kontoer/div_Neste' is clicked on

2020-04-22 17:26:39 - [MESSAGE][PASSED] - Call Test Case 'Test Cases/Test Patron/Test Case Login' successfully

2020-04-22 17:26:39 - [TEST_STEP][PASSED] - click(findTestObject("Object Repository/Test Simple Search/Page_nightlyno - Axiell Quria/md-icon")): Object: 'Object Repository/Test Simple Search/Page_nightlyno - Axiell Quria/md-icon' is clicked on

2020-04-22 17:26:55 - [MESSAGE][PASSED] - Object: 'Object Repository/Test Simple Search/Page_nightlyno - Axiell Quria/md-icon' is clicked on

2020-04-22 17:26:55 - [TEST_STEP][PASSED] - waitForElementVisible(findTestObject("Test Simple Search/Page_nightlyno - Axiell Quria/input_Abonnementer_search-inpu"), 30): Object 'Object Repository/Test Simple Search/Page_nightlyno - Axiell Quria/input_Abonnementer_search-inpu' is visible

2020-04-22 17:26:57 - [MESSAGE][PASSED] - Object 'Object Repository/Test Simple Search/Page_nightlyno - Axiell Quria/input_Abonnementer_search-inpu' is visible

2020-04-22 17:26:57 - [TEST_STEP][PASSED] - setText(findTestObject("Object Repository/Test Simple Search/Page_nightlyno - Axiell Quria/input_Abonnementer_search-inpu"), "Ha*n AND hest*"): Text 'Ha*n AND hest*' is set on object 'Object Repository/Test Simple Search/Page_nightlyno - Axiell Quria/input_Abonnementer_search-inpu'

2020-04-22 17:27:02 - [MESSAGE][PASSED] - Text 'Ha*n AND hest*' is set on object 'Object Repository/Test Simple Search/Page_nightlyno - Axiell Quria/input_Abonnementer_search-inpu'

2020-04-22 17:27:02 - [TEST_STEP][PASSED] - click(findTestObject("test manuel objecter 2/Page_nightlyno - Axiell Quria/md-icon_1")): Object: 'Object Repository/test manuel objecter 2/Page_nightlyno - Axiell Quria/md-icon_1' is clicked on

2020-04-22 17:27:04 - [MESSAGE][PASSED] - Object: 'Object Repository/test manuel objecter 2/Page_nightlyno - Axiell Quria/md-icon_1' is clicked on

2020-04-22 17:27:04 - [TEST_STEP][PASSED] - click(findTestObject("test manuel objecter 2/Page_nightlyno - Axiell Quria/div_Resultater")): Object: 'Object Repository/test manuel objecter 2/Page_nightlyno - Axiell Quria/div_Resultater' is clicked on

2020-04-22 17:27:06 - [MESSAGE][PASSED] - Object: 'Object Repository/test manuel objecter 2/Page_nightlyno - Axiell Quria/div_Resultater' is clicked on

2020-04-22 17:27:06 - [TEST_STEP][PASSED] - verifyElementText(findTestObject("test manuel objecter 2/Page_nightlyno - Axiell Quria/div_Resultater"), "Resultater: 3"): Actual text and expected text of test object 'Object Repository/test manuel objecter 2/Page_nightlyno - Axiell Quria/div_Resultater' are matched.

2020-04-22 17:27:08 - [MESSAGE][PASSED] - Actual text and expected text of test object 'Object Repository/test manuel objecter 2/Page_nightlyno - Axiell Quria/div_Resultater' are matched.

2020-04-22 17:27:08 - [TEST_STEP][PASSED] - click(findTestObject("Object Repository/Object Clouse Browser/Page_nightlyno - Axiell Quria/md-icon_expand_more")): Object: 'Object Repository/Object Clouse Browser/Page_nightlyno - Axiell Quria/md-icon_expand_more' is clicked on

2020-04-22 17:27:10 - [MESSAGE][PASSED] - Object: 'Object Repository/Object Clouse Browser/Page_nightlyno - Axiell Quria/md-icon_expand_more' is clicked on

2020-04-22 17:27:10 - [TEST_STEP][PASSED] - click(findTestObject("Object Repository/Object Clouse Browser/Page_nightlyno - Axiell Quria/a_exit_to_appLogg av")): Object: 'Object Repository/Object Clouse Browser/Page_nightlyno - Axiell Quria/a_exit_to_appLogg av' is clicked on

2020-04-22 17:27:12 - [MESSAGE][PASSED] - Object: 'Object Repository/Object Clouse Browser/Page_nightlyno - Axiell Quria/a_exit_to_appLogg av' is clicked on

2020-04-22 17:27:12 - [TEST_STEP][PASSED] - closeBrowser(): Browser is closed

2020-04-22 17:27:14 - [MESSAGE][PASSED] - Browser is closed]]></system-out>
         <system-err><![CDATA[]]></system-err>
      </testcase>
      <system-out><![CDATA[2020-04-22 17:11:45 - [TEST_SUITE][PASSED] - Test Suite Quria Search: Test Cases/Test verify truncation and masking]]></system-out>
      <system-err><![CDATA[]]></system-err>
   </testsuite>
</testsuites>
